<?xml version="1.0" encoding="UTF-8"?>
<testsuite name="verification successful" tests="7" skipped="0" failures="0" errors="0" timestamp="2022-02-19T16:03:30" hostname="DESKTOP-3RTO6HB" time="373.85">
  <properties/>
  <testcase name="verification successful" classname="verification successful" time="74.74"/>
  <testcase name="check message when fields are empty" classname="verification successful" time="39.552"/>
  <testcase name="check message when email is invalid" classname="verification successful" time="52.239"/>
  <testcase name="check message when password is invalid" classname="verification successful" time="56.184"/>
  <testcase name="check message when url is invalid" classname="verification successful" time="49.895"/>
  <testcase name="check message when enter invalid digits" classname="verification successful" time="50.814"/>
  <testcase name="check message when range is invalid" classname="verification successful" time="50.198"/>
  <system-out><![CDATA[]]></system-out>
  <system-err><![CDATA[[Test worker] WARN net.thucydides.core.steps.BaseStepListener - stepStarted: net.thucydides.core.steps.ExecutedStepDescription@630d460e
[Test worker] WARN net.thucydides.core.steps.BaseStepListener - stepStarted: net.thucydides.core.steps.ExecutedStepDescription@486c26ad
[Test worker] WARN net.thucydides.core.steps.BaseStepListener - stepStarted: net.thucydides.core.steps.ExecutedStepDescription@53716fb4
feb 19, 2022 11:03:34 AM org.openqa.selenium.remote.DesiredCapabilities chrome
INFORMACIÓN: Using `new ChromeOptions()` is preferred to `DesiredCapabilities.chrome()`
[Test worker] INFO net.serenitybdd.core.webdriver.driverproviders.ProvideNewDriver - Instantiating driver
[Test worker] INFO net.serenitybdd.core.webdriver.driverproviders.ProvideNewDriver - Driver capabilities: Capabilities {acceptInsecureCerts: false, browserName: chrome, chrome.switches: --start-maximized, goog:chromeOptions: {args: [--start-maximized], extensions: []}, loggingPrefs: org.openqa.selenium.logging..., platform: ANY, version: }
Starting ChromeDriver 98.0.4758.102 (273bf7ac8c909cde36982d27f66f3c70846a3718-refs/branch-heads/4758@{#1151}) on port 21269
Only local connections are allowed.
Please see https://chromedriver.chromium.org/security-considerations for suggestions on keeping ChromeDriver safe.
ChromeDriver was started successfully.
feb 19, 2022 11:03:49 AM org.openqa.selenium.remote.ProtocolHandshake createSession
INFORMACIÓN: Detected dialect: W3C
[Test worker] WARN net.thucydides.core.steps.BaseStepListener - stepFinished: current outcome:verification successful:Given than dayana is registered she wants to verify completion
| StrUser | StrPassword |
| demo | demo | [Dayana open up [Dayana opens the Page color lib]]
[Test worker] WARN net.thucydides.core.steps.BaseStepListener - stepFinished: current outcome:verification successful:Given than dayana is registered she wants to verify completion
| StrUser | StrPassword |
| demo | demo | [Dayana open up [Dayana opens the Page color lib]]
[Test worker] WARN net.thucydides.core.steps.BaseStepListener - stepStarted: net.thucydides.core.steps.ExecutedStepDescription@783bca8d
[Test worker] WARN net.thucydides.core.steps.BaseStepListener - stepStarted: net.thucydides.core.steps.ExecutedStepDescription@5a2391bf
[Test worker] WARN net.thucydides.core.steps.BaseStepListener - stepFinished: current outcome:verification successful:Given than dayana is registered she wants to verify completion
| StrUser | StrPassword |
| demo | demo | [Dayana open up [Dayana opens the Page color lib], Dayana login colorlib [Dayana enters 'demo' into Campo para ingresar el usuario]]
[Test worker] WARN net.thucydides.core.steps.BaseStepListener - stepStarted: net.thucydides.core.steps.ExecutedStepDescription@50f0b8ee
[Test worker] WARN net.thucydides.core.steps.BaseStepListener - stepFinished: current outcome:verification successful:Given than dayana is registered she wants to verify completion
| StrUser | StrPassword |
| demo | demo | [Dayana open up [Dayana opens the Page color lib], Dayana login colorlib [Dayana enters 'demo' into Campo para ingresar el usuario, Dayana enters 'demo' into Campo para ingresar la contraseÃ±a]]
[Test worker] WARN net.thucydides.core.steps.BaseStepListener - stepStarted: net.thucydides.core.steps.ExecutedStepDescription@2e6eccd
[Test worker] WARN net.thucydides.core.steps.BaseStepListener - stepFinished: current outcome:verification successful:Given than dayana is registered she wants to verify completion
| StrUser | StrPassword |
| demo | demo | [Dayana open up [Dayana opens the Page color lib], Dayana login colorlib [Dayana enters 'demo' into Campo para ingresar el usuario, Dayana enters 'demo' into Campo para ingresar la contraseÃ±a, Dayana clicks on BotÃ³n para ingresar]]
[Test worker] WARN net.thucydides.core.steps.BaseStepListener - stepFinished: current outcome:verification successful:Given than dayana is registered she wants to verify completion
| StrUser | StrPassword |
| demo | demo | [Dayana open up [Dayana opens the Page color lib], Dayana login colorlib [Dayana enters 'demo' into Campo para ingresar el usuario, Dayana enters 'demo' into Campo para ingresar la contraseÃ±a, Dayana clicks on BotÃ³n para ingresar]]
[Test worker] WARN net.thucydides.core.steps.BaseStepListener - stepFinished: current outcome:verification successful:Given than dayana is registered she wants to verify completion
| StrUser | StrPassword |
| demo | demo | [Dayana open up [Dayana opens the Page color lib], Dayana login colorlib [Dayana enters 'demo' into Campo para ingresar el usuario, Dayana enters 'demo' into Campo para ingresar la contraseÃ±a, Dayana clicks on BotÃ³n para ingresar]]
[Test worker] WARN net.thucydides.core.steps.BaseStepListener - stepStarted: net.thucydides.core.steps.ExecutedStepDescription@1d8061d8
[Test worker] WARN net.thucydides.core.steps.BaseStepListener - stepStarted: net.thucydides.core.steps.ExecutedStepDescription@3e23f084
[Test worker] WARN net.thucydides.core.steps.BaseStepListener - stepStarted: net.thucydides.core.steps.ExecutedStepDescription@453ef51b
[Test worker] WARN net.thucydides.core.steps.BaseStepListener - stepFinished: current outcome:verification successful:Given than dayana is registered she wants to verify completion
| StrUser | StrPassword |
| demo | demo | [Dayana open up [Dayana opens the Page color lib], Dayana login colorlib [Dayana enters 'demo' into Campo para ingresar el usuario, Dayana enters 'demo' into Campo para ingresar la contraseÃ±a, Dayana clicks on BotÃ³n para ingresar]], When she enters all the required information
| strRequired | strEmail | strPasswordValidation | strConfirmPassword | strDate | strUrl | strDigitiesOnly | strRango |
| admin1 | dasg@correo.com | 123456S | 123456S | 12062022 | https://testing.com | 33 | 7 | [Dayana enter forms data [Dayana clicks on Desplegable para ir a los formularios]]
[Test worker] WARN net.thucydides.core.steps.BaseStepListener - stepStarted: net.thucydides.core.steps.ExecutedStepDescription@4d455ac5
[Test worker] WARN net.thucydides.core.steps.BaseStepListener - stepFinished: current outcome:verification successful:Given than dayana is registered she wants to verify completion
| StrUser | StrPassword |
| demo | demo | [Dayana open up [Dayana opens the Page color lib], Dayana login colorlib [Dayana enters 'demo' into Campo para ingresar el usuario, Dayana enters 'demo' into Campo para ingresar la contraseÃ±a, Dayana clicks on BotÃ³n para ingresar]], When she enters all the required information
| strRequired | strEmail | strPasswordValidation | strConfirmPassword | strDate | strUrl | strDigitiesOnly | strRango |
| admin1 | dasg@correo.com | 123456S | 123456S | 12062022 | https://testing.com | 33 | 7 | [Dayana enter forms data [Dayana clicks on Desplegable para ir a los formularios, Dayana clicks on Desplegable para ir a los formularios]]
[Test worker] WARN net.thucydides.core.steps.BaseStepListener - stepStarted: net.thucydides.core.steps.ExecutedStepDescription@2cff546b
[Test worker] WARN net.thucydides.core.steps.BaseStepListener - stepFinished: current outcome:verification successful:Given than dayana is registered she wants to verify completion
| StrUser | StrPassword |
| demo | demo | [Dayana open up [Dayana opens the Page color lib], Dayana login colorlib [Dayana enters 'demo' into Campo para ingresar el usuario, Dayana enters 'demo' into Campo para ingresar la contraseÃ±a, Dayana clicks on BotÃ³n para ingresar]], When she enters all the required information
| strRequired | strEmail | strPasswordValidation | strConfirmPassword | strDate | strUrl | strDigitiesOnly | strRango |
| admin1 | dasg@correo.com | 123456S | 123456S | 12062022 | https://testing.com | 33 | 7 | [Dayana enter forms data [Dayana clicks on Desplegable para ir a los formularios, Dayana clicks on Desplegable para ir a los formularios, Dayana enters 'admin1' into Campo para ingresar el nombre]]
[Test worker] WARN net.thucydides.core.steps.BaseStepListener - stepStarted: net.thucydides.core.steps.ExecutedStepDescription@4345c0e6
[Test worker] WARN net.thucydides.core.steps.BaseStepListener - stepFinished: current outcome:verification successful:Given than dayana is registered she wants to verify completion
| StrUser | StrPassword |
| demo | demo | [Dayana open up [Dayana opens the Page color lib], Dayana login colorlib [Dayana enters 'demo' into Campo para ingresar el usuario, Dayana enters 'demo' into Campo para ingresar la contraseÃ±a, Dayana clicks on BotÃ³n para ingresar]], When she enters all the required information
| strRequired | strEmail | strPasswordValidation | strConfirmPassword | strDate | strUrl | strDigitiesOnly | strRango |
| admin1 | dasg@correo.com | 123456S | 123456S | 12062022 | https://testing.com | 33 | 7 | [Dayana enter forms data [Dayana clicks on Desplegable para ir a los formularios, Dayana clicks on Desplegable para ir a los formularios, Dayana enters 'admin1' into Campo para ingresar el nombre, Dayana enters 'dasg@correo.com' into Campo para ingresar el email]]
[Test worker] WARN net.thucydides.core.steps.BaseStepListener - stepStarted: net.thucydides.core.steps.ExecutedStepDescription@1f7550a8
[Test worker] WARN net.thucydides.core.steps.BaseStepListener - stepFinished: current outcome:verification successful:Given than dayana is registered she wants to verify completion
| StrUser | StrPassword |
| demo | demo | [Dayana open up [Dayana opens the Page color lib], Dayana login colorlib [Dayana enters 'demo' into Campo para ingresar el usuario, Dayana enters 'demo' into Campo para ingresar la contraseÃ±a, Dayana clicks on BotÃ³n para ingresar]], When she enters all the required information
| strRequired | strEmail | strPasswordValidation | strConfirmPassword | strDate | strUrl | strDigitiesOnly | strRango |
| admin1 | dasg@correo.com | 123456S | 123456S | 12062022 | https://testing.com | 33 | 7 | [Dayana enter forms data [Dayana clicks on Desplegable para ir a los formularios, Dayana clicks on Desplegable para ir a los formularios, Dayana enters 'admin1' into Campo para ingresar el nombre, Dayana enters 'dasg@correo.com' into Campo para ingresar el email, Dayana enters '123456S' into Campo para ingresar la clave]]
[Test worker] WARN net.thucydides.core.steps.BaseStepListener - stepStarted: net.thucydides.core.steps.ExecutedStepDescription@1ad15593
[Test worker] WARN net.thucydides.core.steps.BaseStepListener - stepFinished: current outcome:verification successful:Given than dayana is registered she wants to verify completion
| StrUser | StrPassword |
| demo | demo | [Dayana open up [Dayana opens the Page color lib], Dayana login colorlib [Dayana enters 'demo' into Campo para ingresar el usuario, Dayana enters 'demo' into Campo para ingresar la contraseÃ±a, Dayana clicks on BotÃ³n para ingresar]], When she enters all the required information
| strRequired | strEmail | strPasswordValidation | strConfirmPassword | strDate | strUrl | strDigitiesOnly | strRango |
| admin1 | dasg@correo.com | 123456S | 123456S | 12062022 | https://testing.com | 33 | 7 | [Dayana enter forms data [Dayana clicks on Desplegable para ir a los formularios, Dayana clicks on Desplegable para ir a los formularios, Dayana enters 'admin1' into Campo para ingresar el nombre, Dayana enters 'dasg@correo.com' into Campo para ingresar el email, Dayana enters '123456S' into Campo para ingresar la clave, Dayana enters '123456S' into Campo para confirmar la clave]]
[Test worker] WARN net.thucydides.core.steps.BaseStepListener - stepStarted: net.thucydides.core.steps.ExecutedStepDescription@48170b56
[Test worker] WARN net.thucydides.core.steps.BaseStepListener - stepFinished: current outcome:verification successful:Given than dayana is registered she wants to verify completion
| StrUser | StrPassword |
| demo | demo | [Dayana open up [Dayana opens the Page color lib], Dayana login colorlib [Dayana enters 'demo' into Campo para ingresar el usuario, Dayana enters 'demo' into Campo para ingresar la contraseÃ±a, Dayana clicks on BotÃ³n para ingresar]], When she enters all the required information
| strRequired | strEmail | strPasswordValidation | strConfirmPassword | strDate | strUrl | strDigitiesOnly | strRango |
| admin1 | dasg@correo.com | 123456S | 123456S | 12062022 | https://testing.com | 33 | 7 | [Dayana enter forms data [Dayana clicks on Desplegable para ir a los formularios, Dayana clicks on Desplegable para ir a los formularios, Dayana enters 'admin1' into Campo para ingresar el nombre, Dayana enters 'dasg@correo.com' into Campo para ingresar el email, Dayana enters '123456S' into Campo para ingresar la clave, Dayana enters '123456S' into Campo para confirmar la clave, Dayana enters '12062022' into Campo para ingresar la fecha]]
[Test worker] WARN net.thucydides.core.steps.BaseStepListener - stepStarted: net.thucydides.core.steps.ExecutedStepDescription@ed038c6
[Test worker] WARN net.thucydides.core.steps.BaseStepListener - stepFinished: current outcome:verification successful:Given than dayana is registered she wants to verify completion
| StrUser | StrPassword |
| demo | demo | [Dayana open up [Dayana opens the Page color lib], Dayana login colorlib [Dayana enters 'demo' into Campo para ingresar el usuario, Dayana enters 'demo' into Campo para ingresar la contraseÃ±a, Dayana clicks on BotÃ³n para ingresar]], When she enters all the required information
| strRequired | strEmail | strPasswordValidation | strConfirmPassword | strDate | strUrl | strDigitiesOnly | strRango |
| admin1 | dasg@correo.com | 123456S | 123456S | 12062022 | https://testing.com | 33 | 7 | [Dayana enter forms data [Dayana clicks on Desplegable para ir a los formularios, Dayana clicks on Desplegable para ir a los formularios, Dayana enters 'admin1' into Campo para ingresar el nombre, Dayana enters 'dasg@correo.com' into Campo para ingresar el email, Dayana enters '123456S' into Campo para ingresar la clave, Dayana enters '123456S' into Campo para confirmar la clave, Dayana enters '12062022' into Campo para ingresar la fecha, Dayana enters 'https://testing.com' into Campo para ingresar la Url]]
[Test worker] WARN net.thucydides.core.steps.BaseStepListener - stepStarted: net.thucydides.core.steps.ExecutedStepDescription@38c2ecf3
[Test worker] WARN net.thucydides.core.steps.BaseStepListener - stepFinished: current outcome:verification successful:Given than dayana is registered she wants to verify completion
| StrUser | StrPassword |
| demo | demo | [Dayana open up [Dayana opens the Page color lib], Dayana login colorlib [Dayana enters 'demo' into Campo para ingresar el usuario, Dayana enters 'demo' into Campo para ingresar la contraseÃ±a, Dayana clicks on BotÃ³n para ingresar]], When she enters all the required information
| strRequired | strEmail | strPasswordValidation | strConfirmPassword | strDate | strUrl | strDigitiesOnly | strRango |
| admin1 | dasg@correo.com | 123456S | 123456S | 12062022 | https://testing.com | 33 | 7 | [Dayana enter forms data [Dayana clicks on Desplegable para ir a los formularios, Dayana clicks on Desplegable para ir a los formularios, Dayana enters 'admin1' into Campo para ingresar el nombre, Dayana enters 'dasg@correo.com' into Campo para ingresar el email, Dayana enters '123456S' into Campo para ingresar la clave, Dayana enters '123456S' into Campo para confirmar la clave, Dayana enters '12062022' into Campo para ingresar la fecha, Dayana enters 'https://testing.com' into Campo para ingresar la Url, Dayana enters '33' into Campo para ingresar los digitos]]
[Test worker] WARN net.thucydides.core.steps.BaseStepListener - stepStarted: net.thucydides.core.steps.ExecutedStepDescription@485cc4f5
[Test worker] WARN net.thucydides.core.steps.BaseStepListener - stepFinished: current outcome:verification successful:Given than dayana is registered she wants to verify completion
| StrUser | StrPassword |
| demo | demo | [Dayana open up [Dayana opens the Page color lib], Dayana login colorlib [Dayana enters 'demo' into Campo para ingresar el usuario, Dayana enters 'demo' into Campo para ingresar la contraseÃ±a, Dayana clicks on BotÃ³n para ingresar]], When she enters all the required information
| strRequired | strEmail | strPasswordValidation | strConfirmPassword | strDate | strUrl | strDigitiesOnly | strRango |
| admin1 | dasg@correo.com | 123456S | 123456S | 12062022 | https://testing.com | 33 | 7 | [Dayana enter forms data [Dayana clicks on Desplegable para ir a los formularios, Dayana clicks on Desplegable para ir a los formularios, Dayana enters 'admin1' into Campo para ingresar el nombre, Dayana enters 'dasg@correo.com' into Campo para ingresar el email, Dayana enters '123456S' into Campo para ingresar la clave, Dayana enters '123456S' into Campo para confirmar la clave, Dayana enters '12062022' into Campo para ingresar la fecha, Dayana enters 'https://testing.com' into Campo para ingresar la Url, Dayana enters '33' into Campo para ingresar los digitos, Dayana enters '7' into Campo para ingresar el rango]]
[Test worker] WARN net.thucydides.core.steps.BaseStepListener - stepStarted: net.thucydides.core.steps.ExecutedStepDescription@3ea964c1
[Test worker] WARN net.thucydides.core.steps.BaseStepListener - stepFinished: current outcome:verification successful:Given than dayana is registered she wants to verify completion
| StrUser | StrPassword |
| demo | demo | [Dayana open up [Dayana opens the Page color lib], Dayana login colorlib [Dayana enters 'demo' into Campo para ingresar el usuario, Dayana enters 'demo' into Campo para ingresar la contraseÃ±a, Dayana clicks on BotÃ³n para ingresar]], When she enters all the required information
| strRequired | strEmail | strPasswordValidation | strConfirmPassword | strDate | strUrl | strDigitiesOnly | strRango |
| admin1 | dasg@correo.com | 123456S | 123456S | 12062022 | https://testing.com | 33 | 7 | [Dayana enter forms data [Dayana clicks on Desplegable para ir a los formularios, Dayana clicks on Desplegable para ir a los formularios, Dayana enters 'admin1' into Campo para ingresar el nombre, Dayana enters 'dasg@correo.com' into Campo para ingresar el email, Dayana enters '123456S' into Campo para ingresar la clave, Dayana enters '123456S' into Campo para confirmar la clave, Dayana enters '12062022' into Campo para ingresar la fecha, Dayana enters 'https://testing.com' into Campo para ingresar la Url, Dayana enters '33' into Campo para ingresar los digitos, Dayana enters '7' into Campo para ingresar el rango, Dayana clicks on Marcamos para aceptar las politicas]]
[Test worker] WARN net.thucydides.core.steps.BaseStepListener - stepStarted: net.thucydides.core.steps.ExecutedStepDescription@246174b5
[Test worker] WARN net.thucydides.core.steps.BaseStepListener - stepFinished: current outcome:verification successful:Given than dayana is registered she wants to verify completion
| StrUser | StrPassword |
| demo | demo | [Dayana open up [Dayana opens the Page color lib], Dayana login colorlib [Dayana enters 'demo' into Campo para ingresar el usuario, Dayana enters 'demo' into Campo para ingresar la contraseÃ±a, Dayana clicks on BotÃ³n para ingresar]], When she enters all the required information
| strRequired | strEmail | strPasswordValidation | strConfirmPassword | strDate | strUrl | strDigitiesOnly | strRango |
| admin1 | dasg@correo.com | 123456S | 123456S | 12062022 | https://testing.com | 33 | 7 | [Dayana enter forms data [Dayana clicks on Desplegable para ir a los formularios, Dayana clicks on Desplegable para ir a los formularios, Dayana enters 'admin1' into Campo para ingresar el nombre, Dayana enters 'dasg@correo.com' into Campo para ingresar el email, Dayana enters '123456S' into Campo para ingresar la clave, Dayana enters '123456S' into Campo para confirmar la clave, Dayana enters '12062022' into Campo para ingresar la fecha, Dayana enters 'https://testing.com' into Campo para ingresar la Url, Dayana enters '33' into Campo para ingresar los digitos, Dayana enters '7' into Campo para ingresar el rango, Dayana clicks on Marcamos para aceptar las politicas, Dayana clicks on BotÃ³n para validar]]
[Test worker] WARN net.thucydides.core.steps.BaseStepListener - stepFinished: current outcome:verification successful:Given than dayana is registered she wants to verify completion
| StrUser | StrPassword |
| demo | demo | [Dayana open up [Dayana opens the Page color lib], Dayana login colorlib [Dayana enters 'demo' into Campo para ingresar el usuario, Dayana enters 'demo' into Campo para ingresar la contraseÃ±a, Dayana clicks on BotÃ³n para ingresar]], When she enters all the required information
| strRequired | strEmail | strPasswordValidation | strConfirmPassword | strDate | strUrl | strDigitiesOnly | strRango |
| admin1 | dasg@correo.com | 123456S | 123456S | 12062022 | https://testing.com | 33 | 7 | [Dayana enter forms data [Dayana clicks on Desplegable para ir a los formularios, Dayana clicks on Desplegable para ir a los formularios, Dayana enters 'admin1' into Campo para ingresar el nombre, Dayana enters 'dasg@correo.com' into Campo para ingresar el email, Dayana enters '123456S' into Campo para ingresar la clave, Dayana enters '123456S' into Campo para confirmar la clave, Dayana enters '12062022' into Campo para ingresar la fecha, Dayana enters 'https://testing.com' into Campo para ingresar la Url, Dayana enters '33' into Campo para ingresar los digitos, Dayana enters '7' into Campo para ingresar el rango, Dayana clicks on Marcamos para aceptar las politicas, Dayana clicks on BotÃ³n para validar]]
[Test worker] WARN net.thucydides.core.steps.BaseStepListener - stepFinished: current outcome:verification successful:Given than dayana is registered she wants to verify completion
| StrUser | StrPassword |
| demo | demo | [Dayana open up [Dayana opens the Page color lib], Dayana login colorlib [Dayana enters 'demo' into Campo para ingresar el usuario, Dayana enters 'demo' into Campo para ingresar la contraseÃ±a, Dayana clicks on BotÃ³n para ingresar]], When she enters all the required information
| strRequired | strEmail | strPasswordValidation | strConfirmPassword | strDate | strUrl | strDigitiesOnly | strRango |
| admin1 | dasg@correo.com | 123456S | 123456S | 12062022 | https://testing.com | 33 | 7 | [Dayana enter forms data [Dayana clicks on Desplegable para ir a los formularios, Dayana clicks on Desplegable para ir a los formularios, Dayana enters 'admin1' into Campo para ingresar el nombre, Dayana enters 'dasg@correo.com' into Campo para ingresar el email, Dayana enters '123456S' into Campo para ingresar la clave, Dayana enters '123456S' into Campo para confirmar la clave, Dayana enters '12062022' into Campo para ingresar la fecha, Dayana enters 'https://testing.com' into Campo para ingresar la Url, Dayana enters '33' into Campo para ingresar los digitos, Dayana enters '7' into Campo para ingresar el rango, Dayana clicks on Marcamos para aceptar las politicas, Dayana clicks on BotÃ³n para validar]]
[Test worker] WARN net.thucydides.core.steps.BaseStepListener - stepStarted: net.thucydides.core.steps.ExecutedStepDescription@50bcac6
[Test worker] WARN net.thucydides.core.steps.BaseStepListener - stepStarted: net.thucydides.core.steps.ExecutedStepDescription@1a78be5b
[Test worker] WARN net.thucydides.core.steps.BaseStepListener - stepFinished: current outcome:verification successful:Given than dayana is registered she wants to verify completion
| StrUser | StrPassword |
| demo | demo | [Dayana open up [Dayana opens the Page color lib], Dayana login colorlib [Dayana enters 'demo' into Campo para ingresar el usuario, Dayana enters 'demo' into Campo para ingresar la contraseÃ±a, Dayana clicks on BotÃ³n para ingresar]], When she enters all the required information
| strRequired | strEmail | strPasswordValidation | strConfirmPassword | strDate | strUrl | strDigitiesOnly | strRango |
| admin1 | dasg@correo.com | 123456S | 123456S | 12062022 | https://testing.com | 33 | 7 | [Dayana enter forms data [Dayana clicks on Desplegable para ir a los formularios, Dayana clicks on Desplegable para ir a los formularios, Dayana enters 'admin1' into Campo para ingresar el nombre, Dayana enters 'dasg@correo.com' into Campo para ingresar el email, Dayana enters '123456S' into Campo para ingresar la clave, Dayana enters '123456S' into Campo para confirmar la clave, Dayana enters '12062022' into Campo para ingresar la fecha, Dayana enters 'https://testing.com' into Campo para ingresar la Url, Dayana enters '33' into Campo para ingresar los digitos, Dayana enters '7' into Campo para ingresar el rango, Dayana clicks on Marcamos para aceptar las politicas, Dayana clicks on BotÃ³n para validar]], Then verification is successful
| strTextoFinal |
|  | [Then anwers]
[Test worker] WARN net.thucydides.core.steps.BaseStepListener - stepFinished: current outcome:verification successful:Given than dayana is registered she wants to verify completion
| StrUser | StrPassword |
| demo | demo | [Dayana open up [Dayana opens the Page color lib], Dayana login colorlib [Dayana enters 'demo' into Campo para ingresar el usuario, Dayana enters 'demo' into Campo para ingresar la contraseÃ±a, Dayana clicks on BotÃ³n para ingresar]], When she enters all the required information
| strRequired | strEmail | strPasswordValidation | strConfirmPassword | strDate | strUrl | strDigitiesOnly | strRango |
| admin1 | dasg@correo.com | 123456S | 123456S | 12062022 | https://testing.com | 33 | 7 | [Dayana enter forms data [Dayana clicks on Desplegable para ir a los formularios, Dayana clicks on Desplegable para ir a los formularios, Dayana enters 'admin1' into Campo para ingresar el nombre, Dayana enters 'dasg@correo.com' into Campo para ingresar el email, Dayana enters '123456S' into Campo para ingresar la clave, Dayana enters '123456S' into Campo para confirmar la clave, Dayana enters '12062022' into Campo para ingresar la fecha, Dayana enters 'https://testing.com' into Campo para ingresar la Url, Dayana enters '33' into Campo para ingresar los digitos, Dayana enters '7' into Campo para ingresar el rango, Dayana clicks on Marcamos para aceptar las politicas, Dayana clicks on BotÃ³n para validar]], Then verification is successful
| strTextoFinal |
|  | [Then anwers]
[Test worker] WARN net.thucydides.core.steps.BaseStepListener - testFinished: verification successful:Given than dayana is registered she wants to verify completion
| StrUser | StrPassword |
| demo | demo | [Dayana open up [Dayana opens the Page color lib], Dayana login colorlib [Dayana enters 'demo' into Campo para ingresar el usuario, Dayana enters 'demo' into Campo para ingresar la contraseÃ±a, Dayana clicks on BotÃ³n para ingresar]], When she enters all the required information
| strRequired | strEmail | strPasswordValidation | strConfirmPassword | strDate | strUrl | strDigitiesOnly | strRango |
| admin1 | dasg@correo.com | 123456S | 123456S | 12062022 | https://testing.com | 33 | 7 | [Dayana enter forms data [Dayana clicks on Desplegable para ir a los formularios, Dayana clicks on Desplegable para ir a los formularios, Dayana enters 'admin1' into Campo para ingresar el nombre, Dayana enters 'dasg@correo.com' into Campo para ingresar el email, Dayana enters '123456S' into Campo para ingresar la clave, Dayana enters '123456S' into Campo para confirmar la clave, Dayana enters '12062022' into Campo para ingresar la fecha, Dayana enters 'https://testing.com' into Campo para ingresar la Url, Dayana enters '33' into Campo para ingresar los digitos, Dayana enters '7' into Campo para ingresar el rango, Dayana clicks on Marcamos para aceptar las politicas, Dayana clicks on BotÃ³n para validar]], Then verification is successful
| strTextoFinal |
|  | [Then anwers]
[Test worker] WARN net.thucydides.core.steps.BaseStepListener - TestOutcomes: [verification successful:Given than dayana is registered she wants to verify completion
| StrUser | StrPassword |
| demo | demo | [Dayana open up [Dayana opens the Page color lib], Dayana login colorlib [Dayana enters 'demo' into Campo para ingresar el usuario, Dayana enters 'demo' into Campo para ingresar la contraseÃ±a, Dayana clicks on BotÃ³n para ingresar]], When she enters all the required information
| strRequired | strEmail | strPasswordValidation | strConfirmPassword | strDate | strUrl | strDigitiesOnly | strRango |
| admin1 | dasg@correo.com | 123456S | 123456S | 12062022 | https://testing.com | 33 | 7 | [Dayana enter forms data [Dayana clicks on Desplegable para ir a los formularios, Dayana clicks on Desplegable para ir a los formularios, Dayana enters 'admin1' into Campo para ingresar el nombre, Dayana enters 'dasg@correo.com' into Campo para ingresar el email, Dayana enters '123456S' into Campo para ingresar la clave, Dayana enters '123456S' into Campo para confirmar la clave, Dayana enters '12062022' into Campo para ingresar la fecha, Dayana enters 'https://testing.com' into Campo para ingresar la Url, Dayana enters '33' into Campo para ingresar los digitos, Dayana enters '7' into Campo para ingresar el rango, Dayana clicks on Marcamos para aceptar las politicas, Dayana clicks on BotÃ³n para validar]], Then verification is successful
| strTextoFinal |
|  | [Then anwers]]
[Test worker] WARN net.thucydides.core.steps.BaseStepListener - Final testOutcomes: [verification successful:Given than dayana is registered she wants to verify completion
| StrUser | StrPassword |
| demo | demo | [Dayana open up [Dayana opens the Page color lib], Dayana login colorlib [Dayana enters 'demo' into Campo para ingresar el usuario, Dayana enters 'demo' into Campo para ingresar la contraseÃ±a, Dayana clicks on BotÃ³n para ingresar]], When she enters all the required information
| strRequired | strEmail | strPasswordValidation | strConfirmPassword | strDate | strUrl | strDigitiesOnly | strRango |
| admin1 | dasg@correo.com | 123456S | 123456S | 12062022 | https://testing.com | 33 | 7 | [Dayana enter forms data [Dayana clicks on Desplegable para ir a los formularios, Dayana clicks on Desplegable para ir a los formularios, Dayana enters 'admin1' into Campo para ingresar el nombre, Dayana enters 'dasg@correo.com' into Campo para ingresar el email, Dayana enters '123456S' into Campo para ingresar la clave, Dayana enters '123456S' into Campo para confirmar la clave, Dayana enters '12062022' into Campo para ingresar la fecha, Dayana enters 'https://testing.com' into Campo para ingresar la Url, Dayana enters '33' into Campo para ingresar los digitos, Dayana enters '7' into Campo para ingresar el rango, Dayana clicks on Marcamos para aceptar las politicas, Dayana clicks on BotÃ³n para validar]], Then verification is successful
| strTextoFinal |
|  | [Then anwers]]
[Test worker] INFO net.thucydides.core.steps.ConsoleLoggingListener - 
        __    _____ _____ ____ _____   ____   _    ____  ____  _____ ____  
  _     \ \  |_   _| ____/ ___|_   _| |  _ \ / \  / ___|/ ___|| ____|  _ \ 
 (_)_____| |   | | |  _| \___ \ | |   | |_) / _ \ \___ \\___ \|  _| | | | |
  _|_____| |   | | | |___ ___) || |   |  __/ ___ \ ___) |___) | |___| |_| |
 (_)     | |   |_| |_____|____/ |_|   |_| /_/   \_\____/|____/|_____|____/ 
        /_/                                                                

TEST PASSED: verification successful
----------------------------------------------------------------------------
[Test worker] WARN net.thucydides.core.steps.BaseStepListener - stepStarted: net.thucydides.core.steps.ExecutedStepDescription@4644e503
[Test worker] WARN net.thucydides.core.steps.BaseStepListener - stepStarted: net.thucydides.core.steps.ExecutedStepDescription@7d6ba757
[Test worker] WARN net.thucydides.core.steps.BaseStepListener - stepStarted: net.thucydides.core.steps.ExecutedStepDescription@4d7f9a3c
feb 19, 2022 11:04:45 AM org.openqa.selenium.remote.DesiredCapabilities chrome
INFORMACIÓN: Using `new ChromeOptions()` is preferred to `DesiredCapabilities.chrome()`
[Test worker] INFO net.serenitybdd.core.webdriver.driverproviders.ProvideNewDriver - Instantiating driver
[Test worker] INFO net.serenitybdd.core.webdriver.driverproviders.ProvideNewDriver - Driver capabilities: Capabilities {acceptInsecureCerts: false, browserName: chrome, chrome.switches: --start-maximized, goog:chromeOptions: {args: [--start-maximized], extensions: []}, loggingPrefs: org.openqa.selenium.logging..., platform: ANY, version: }
Starting ChromeDriver 98.0.4758.102 (273bf7ac8c909cde36982d27f66f3c70846a3718-refs/branch-heads/4758@{#1151}) on port 18851
Only local connections are allowed.
Please see https://chromedriver.chromium.org/security-considerations for suggestions on keeping ChromeDriver safe.
ChromeDriver was started successfully.
feb 19, 2022 11:04:50 AM org.openqa.selenium.remote.ProtocolHandshake createSession
INFORMACIÓN: Detected dialect: W3C
[Test worker] WARN net.thucydides.core.steps.BaseStepListener - stepFinished: current outcome:check message when fields are empty:Given that dayana wants to validate the message
| StrUser | StrPassword |
| demo | demo | [Dayana open up [Dayana opens the Page color lib]]
[Test worker] WARN net.thucydides.core.steps.BaseStepListener - stepFinished: current outcome:check message when fields are empty:Given that dayana wants to validate the message
| StrUser | StrPassword |
| demo | demo | [Dayana open up [Dayana opens the Page color lib]]
[Test worker] WARN net.thucydides.core.steps.BaseStepListener - stepStarted: net.thucydides.core.steps.ExecutedStepDescription@2edc53d9
[Test worker] WARN net.thucydides.core.steps.BaseStepListener - stepStarted: net.thucydides.core.steps.ExecutedStepDescription@534b4760
[Test worker] WARN net.thucydides.core.steps.BaseStepListener - stepFinished: current outcome:check message when fields are empty:Given that dayana wants to validate the message
| StrUser | StrPassword |
| demo | demo | [Dayana open up [Dayana opens the Page color lib], Dayana login colorlib [Dayana enters 'demo' into Campo para ingresar el usuario]]
[Test worker] WARN net.thucydides.core.steps.BaseStepListener - stepStarted: net.thucydides.core.steps.ExecutedStepDescription@c8c8ac9
[Test worker] WARN net.thucydides.core.steps.BaseStepListener - stepFinished: current outcome:check message when fields are empty:Given that dayana wants to validate the message
| StrUser | StrPassword |
| demo | demo | [Dayana open up [Dayana opens the Page color lib], Dayana login colorlib [Dayana enters 'demo' into Campo para ingresar el usuario, Dayana enters 'demo' into Campo para ingresar la contraseÃ±a]]
[Test worker] WARN net.thucydides.core.steps.BaseStepListener - stepStarted: net.thucydides.core.steps.ExecutedStepDescription@3ad59f87
[Test worker] WARN net.thucydides.core.steps.BaseStepListener - stepFinished: current outcome:check message when fields are empty:Given that dayana wants to validate the message
| StrUser | StrPassword |
| demo | demo | [Dayana open up [Dayana opens the Page color lib], Dayana login colorlib [Dayana enters 'demo' into Campo para ingresar el usuario, Dayana enters 'demo' into Campo para ingresar la contraseÃ±a, Dayana clicks on BotÃ³n para ingresar]]
[Test worker] WARN net.thucydides.core.steps.BaseStepListener - stepFinished: current outcome:check message when fields are empty:Given that dayana wants to validate the message
| StrUser | StrPassword |
| demo | demo | [Dayana open up [Dayana opens the Page color lib], Dayana login colorlib [Dayana enters 'demo' into Campo para ingresar el usuario, Dayana enters 'demo' into Campo para ingresar la contraseÃ±a, Dayana clicks on BotÃ³n para ingresar]]
[Test worker] WARN net.thucydides.core.steps.BaseStepListener - stepFinished: current outcome:check message when fields are empty:Given that dayana wants to validate the message
| StrUser | StrPassword |
| demo | demo | [Dayana open up [Dayana opens the Page color lib], Dayana login colorlib [Dayana enters 'demo' into Campo para ingresar el usuario, Dayana enters 'demo' into Campo para ingresar la contraseÃ±a, Dayana clicks on BotÃ³n para ingresar]]
[Test worker] WARN net.thucydides.core.steps.BaseStepListener - stepStarted: net.thucydides.core.steps.ExecutedStepDescription@3f7bcbd5
[Test worker] WARN net.thucydides.core.steps.BaseStepListener - stepStarted: net.thucydides.core.steps.ExecutedStepDescription@69fe5d0
[Test worker] WARN net.thucydides.core.steps.BaseStepListener - stepStarted: net.thucydides.core.steps.ExecutedStepDescription@2fb28b9e
[Test worker] WARN net.thucydides.core.steps.BaseStepListener - stepFinished: current outcome:check message when fields are empty:Given that dayana wants to validate the message
| StrUser | StrPassword |
| demo | demo | [Dayana open up [Dayana opens the Page color lib], Dayana login colorlib [Dayana enters 'demo' into Campo para ingresar el usuario, Dayana enters 'demo' into Campo para ingresar la contraseÃ±a, Dayana clicks on BotÃ³n para ingresar]], When she saves the form with empty fields [Dayana form empty [Dayana clicks on Desplegable para ir a los formularios]]
[Test worker] WARN net.thucydides.core.steps.BaseStepListener - stepStarted: net.thucydides.core.steps.ExecutedStepDescription@12054965
[Test worker] WARN net.thucydides.core.steps.BaseStepListener - stepFinished: current outcome:check message when fields are empty:Given that dayana wants to validate the message
| StrUser | StrPassword |
| demo | demo | [Dayana open up [Dayana opens the Page color lib], Dayana login colorlib [Dayana enters 'demo' into Campo para ingresar el usuario, Dayana enters 'demo' into Campo para ingresar la contraseÃ±a, Dayana clicks on BotÃ³n para ingresar]], When she saves the form with empty fields [Dayana form empty [Dayana clicks on Desplegable para ir a los formularios, Dayana clicks on Desplegable para ir a los formularios]]
[Test worker] WARN net.thucydides.core.steps.BaseStepListener - stepStarted: net.thucydides.core.steps.ExecutedStepDescription@305d06c1
[Test worker] WARN net.thucydides.core.steps.BaseStepListener - stepFinished: current outcome:check message when fields are empty:Given that dayana wants to validate the message
| StrUser | StrPassword |
| demo | demo | [Dayana open up [Dayana opens the Page color lib], Dayana login colorlib [Dayana enters 'demo' into Campo para ingresar el usuario, Dayana enters 'demo' into Campo para ingresar la contraseÃ±a, Dayana clicks on BotÃ³n para ingresar]], When she saves the form with empty fields [Dayana form empty [Dayana clicks on Desplegable para ir a los formularios, Dayana clicks on Desplegable para ir a los formularios, Dayana clicks on BotÃ³n para validar]]
[Test worker] WARN net.thucydides.core.steps.BaseStepListener - stepFinished: current outcome:check message when fields are empty:Given that dayana wants to validate the message
| StrUser | StrPassword |
| demo | demo | [Dayana open up [Dayana opens the Page color lib], Dayana login colorlib [Dayana enters 'demo' into Campo para ingresar el usuario, Dayana enters 'demo' into Campo para ingresar la contraseÃ±a, Dayana clicks on BotÃ³n para ingresar]], When she saves the form with empty fields [Dayana form empty [Dayana clicks on Desplegable para ir a los formularios, Dayana clicks on Desplegable para ir a los formularios, Dayana clicks on BotÃ³n para validar]]
[Test worker] WARN net.thucydides.core.steps.BaseStepListener - stepFinished: current outcome:check message when fields are empty:Given that dayana wants to validate the message
| StrUser | StrPassword |
| demo | demo | [Dayana open up [Dayana opens the Page color lib], Dayana login colorlib [Dayana enters 'demo' into Campo para ingresar el usuario, Dayana enters 'demo' into Campo para ingresar la contraseÃ±a, Dayana clicks on BotÃ³n para ingresar]], When she saves the form with empty fields [Dayana form empty [Dayana clicks on Desplegable para ir a los formularios, Dayana clicks on Desplegable para ir a los formularios, Dayana clicks on BotÃ³n para validar]]
[Test worker] WARN net.thucydides.core.steps.BaseStepListener - stepStarted: net.thucydides.core.steps.ExecutedStepDescription@4dfc59a7
[Test worker] WARN net.thucydides.core.steps.BaseStepListener - stepStarted: net.thucydides.core.steps.ExecutedStepDescription@17344f38
[Test worker] WARN net.thucydides.core.steps.BaseStepListener - stepFinished: current outcome:check message when fields are empty:Given that dayana wants to validate the message
| StrUser | StrPassword |
| demo | demo | [Dayana open up [Dayana opens the Page color lib], Dayana login colorlib [Dayana enters 'demo' into Campo para ingresar el usuario, Dayana enters 'demo' into Campo para ingresar la contraseÃ±a, Dayana clicks on BotÃ³n para ingresar]], When she saves the form with empty fields [Dayana form empty [Dayana clicks on Desplegable para ir a los formularios, Dayana clicks on Desplegable para ir a los formularios, Dayana clicks on BotÃ³n para validar]], Then check the message
| strMessageRequired |
| This field is required. | [Then empty anwers]
[Test worker] WARN net.thucydides.core.steps.BaseStepListener - stepFinished: current outcome:check message when fields are empty:Given that dayana wants to validate the message
| StrUser | StrPassword |
| demo | demo | [Dayana open up [Dayana opens the Page color lib], Dayana login colorlib [Dayana enters 'demo' into Campo para ingresar el usuario, Dayana enters 'demo' into Campo para ingresar la contraseÃ±a, Dayana clicks on BotÃ³n para ingresar]], When she saves the form with empty fields [Dayana form empty [Dayana clicks on Desplegable para ir a los formularios, Dayana clicks on Desplegable para ir a los formularios, Dayana clicks on BotÃ³n para validar]], Then check the message
| strMessageRequired |
| This field is required. | [Then empty anwers]
[Test worker] WARN net.thucydides.core.steps.BaseStepListener - testFinished: check message when fields are empty:Given that dayana wants to validate the message
| StrUser | StrPassword |
| demo | demo | [Dayana open up [Dayana opens the Page color lib], Dayana login colorlib [Dayana enters 'demo' into Campo para ingresar el usuario, Dayana enters 'demo' into Campo para ingresar la contraseÃ±a, Dayana clicks on BotÃ³n para ingresar]], When she saves the form with empty fields [Dayana form empty [Dayana clicks on Desplegable para ir a los formularios, Dayana clicks on Desplegable para ir a los formularios, Dayana clicks on BotÃ³n para validar]], Then check the message
| strMessageRequired |
| This field is required. | [Then empty anwers]
[Test worker] WARN net.thucydides.core.steps.BaseStepListener - TestOutcomes: [verification successful:Given than dayana is registered she wants to verify completion
| StrUser | StrPassword |
| demo | demo | [Dayana open up [Dayana opens the Page color lib], Dayana login colorlib [Dayana enters 'demo' into Campo para ingresar el usuario, Dayana enters 'demo' into Campo para ingresar la contraseÃ±a, Dayana clicks on BotÃ³n para ingresar]], When she enters all the required information
| strRequired | strEmail | strPasswordValidation | strConfirmPassword | strDate | strUrl | strDigitiesOnly | strRango |
| admin1 | dasg@correo.com | 123456S | 123456S | 12062022 | https://testing.com | 33 | 7 | [Dayana enter forms data [Dayana clicks on Desplegable para ir a los formularios, Dayana clicks on Desplegable para ir a los formularios, Dayana enters 'admin1' into Campo para ingresar el nombre, Dayana enters 'dasg@correo.com' into Campo para ingresar el email, Dayana enters '123456S' into Campo para ingresar la clave, Dayana enters '123456S' into Campo para confirmar la clave, Dayana enters '12062022' into Campo para ingresar la fecha, Dayana enters 'https://testing.com' into Campo para ingresar la Url, Dayana enters '33' into Campo para ingresar los digitos, Dayana enters '7' into Campo para ingresar el rango, Dayana clicks on Marcamos para aceptar las politicas, Dayana clicks on BotÃ³n para validar]], Then verification is successful
| strTextoFinal |
|  | [Then anwers], check message when fields are empty:Given that dayana wants to validate the message
| StrUser | StrPassword |
| demo | demo | [Dayana open up [Dayana opens the Page color lib], Dayana login colorlib [Dayana enters 'demo' into Campo para ingresar el usuario, Dayana enters 'demo' into Campo para ingresar la contraseÃ±a, Dayana clicks on BotÃ³n para ingresar]], When she saves the form with empty fields [Dayana form empty [Dayana clicks on Desplegable para ir a los formularios, Dayana clicks on Desplegable para ir a los formularios, Dayana clicks on BotÃ³n para validar]], Then check the message
| strMessageRequired |
| This field is required. | [Then empty anwers]]
[Test worker] WARN net.thucydides.core.steps.BaseStepListener - Final testOutcomes: [verification successful:Given than dayana is registered she wants to verify completion
| StrUser | StrPassword |
| demo | demo | [Dayana open up [Dayana opens the Page color lib], Dayana login colorlib [Dayana enters 'demo' into Campo para ingresar el usuario, Dayana enters 'demo' into Campo para ingresar la contraseÃ±a, Dayana clicks on BotÃ³n para ingresar]], When she enters all the required information
| strRequired | strEmail | strPasswordValidation | strConfirmPassword | strDate | strUrl | strDigitiesOnly | strRango |
| admin1 | dasg@correo.com | 123456S | 123456S | 12062022 | https://testing.com | 33 | 7 | [Dayana enter forms data [Dayana clicks on Desplegable para ir a los formularios, Dayana clicks on Desplegable para ir a los formularios, Dayana enters 'admin1' into Campo para ingresar el nombre, Dayana enters 'dasg@correo.com' into Campo para ingresar el email, Dayana enters '123456S' into Campo para ingresar la clave, Dayana enters '123456S' into Campo para confirmar la clave, Dayana enters '12062022' into Campo para ingresar la fecha, Dayana enters 'https://testing.com' into Campo para ingresar la Url, Dayana enters '33' into Campo para ingresar los digitos, Dayana enters '7' into Campo para ingresar el rango, Dayana clicks on Marcamos para aceptar las politicas, Dayana clicks on BotÃ³n para validar]], Then verification is successful
| strTextoFinal |
|  | [Then anwers], check message when fields are empty:Given that dayana wants to validate the message
| StrUser | StrPassword |
| demo | demo | [Dayana open up [Dayana opens the Page color lib], Dayana login colorlib [Dayana enters 'demo' into Campo para ingresar el usuario, Dayana enters 'demo' into Campo para ingresar la contraseÃ±a, Dayana clicks on BotÃ³n para ingresar]], When she saves the form with empty fields [Dayana form empty [Dayana clicks on Desplegable para ir a los formularios, Dayana clicks on Desplegable para ir a los formularios, Dayana clicks on BotÃ³n para validar]], Then check the message
| strMessageRequired |
| This field is required. | [Then empty anwers]]
[Test worker] INFO net.thucydides.core.steps.ConsoleLoggingListener - 
        __    _____ _____ ____ _____   ____   _    ____  ____  _____ ____  
  _     \ \  |_   _| ____/ ___|_   _| |  _ \ / \  / ___|/ ___|| ____|  _ \ 
 (_)_____| |   | | |  _| \___ \ | |   | |_) / _ \ \___ \\___ \|  _| | | | |
  _|_____| |   | | | |___ ___) || |   |  __/ ___ \ ___) |___) | |___| |_| |
 (_)     | |   |_| |_____|____/ |_|   |_| /_/   \_\____/|____/|_____|____/ 
        /_/                                                                

TEST PASSED: check message when fields are empty
----------------------------------------------------------------------------
[Test worker] WARN net.thucydides.core.steps.BaseStepListener - stepStarted: net.thucydides.core.steps.ExecutedStepDescription@19fe8db
[Test worker] WARN net.thucydides.core.steps.BaseStepListener - stepStarted: net.thucydides.core.steps.ExecutedStepDescription@52569747
[Test worker] WARN net.thucydides.core.steps.BaseStepListener - stepStarted: net.thucydides.core.steps.ExecutedStepDescription@49e1e582
feb 19, 2022 11:05:25 AM org.openqa.selenium.remote.DesiredCapabilities chrome
INFORMACIÓN: Using `new ChromeOptions()` is preferred to `DesiredCapabilities.chrome()`
[Test worker] INFO net.serenitybdd.core.webdriver.driverproviders.ProvideNewDriver - Instantiating driver
[Test worker] INFO net.serenitybdd.core.webdriver.driverproviders.ProvideNewDriver - Driver capabilities: Capabilities {acceptInsecureCerts: false, browserName: chrome, chrome.switches: --start-maximized, goog:chromeOptions: {args: [--start-maximized], extensions: []}, loggingPrefs: org.openqa.selenium.logging..., platform: ANY, version: }
Starting ChromeDriver 98.0.4758.102 (273bf7ac8c909cde36982d27f66f3c70846a3718-refs/branch-heads/4758@{#1151}) on port 9376
Only local connections are allowed.
Please see https://chromedriver.chromium.org/security-considerations for suggestions on keeping ChromeDriver safe.
ChromeDriver was started successfully.
feb 19, 2022 11:05:30 AM org.openqa.selenium.remote.ProtocolHandshake createSession
INFORMACIÓN: Detected dialect: W3C
[Test worker] WARN net.thucydides.core.steps.BaseStepListener - stepFinished: current outcome:check message when email is invalid:Given that dayana wants to validate the message of the email
| StrUser | StrPassword |
| demo | demo | [Dayana open up [Dayana opens the Page color lib]]
[Test worker] WARN net.thucydides.core.steps.BaseStepListener - stepFinished: current outcome:check message when email is invalid:Given that dayana wants to validate the message of the email
| StrUser | StrPassword |
| demo | demo | [Dayana open up [Dayana opens the Page color lib]]
[Test worker] WARN net.thucydides.core.steps.BaseStepListener - stepStarted: net.thucydides.core.steps.ExecutedStepDescription@4a7f1c01
[Test worker] WARN net.thucydides.core.steps.BaseStepListener - stepStarted: net.thucydides.core.steps.ExecutedStepDescription@5b7b5826
[Test worker] WARN net.thucydides.core.steps.BaseStepListener - stepFinished: current outcome:check message when email is invalid:Given that dayana wants to validate the message of the email
| StrUser | StrPassword |
| demo | demo | [Dayana open up [Dayana opens the Page color lib], Dayana login colorlib [Dayana enters 'demo' into Campo para ingresar el usuario]]
[Test worker] WARN net.thucydides.core.steps.BaseStepListener - stepStarted: net.thucydides.core.steps.ExecutedStepDescription@4b997f4f
[Test worker] WARN net.thucydides.core.steps.BaseStepListener - stepFinished: current outcome:check message when email is invalid:Given that dayana wants to validate the message of the email
| StrUser | StrPassword |
| demo | demo | [Dayana open up [Dayana opens the Page color lib], Dayana login colorlib [Dayana enters 'demo' into Campo para ingresar el usuario, Dayana enters 'demo' into Campo para ingresar la contraseÃ±a]]
[Test worker] WARN net.thucydides.core.steps.BaseStepListener - stepStarted: net.thucydides.core.steps.ExecutedStepDescription@11570b75
[Test worker] WARN net.thucydides.core.steps.BaseStepListener - stepFinished: current outcome:check message when email is invalid:Given that dayana wants to validate the message of the email
| StrUser | StrPassword |
| demo | demo | [Dayana open up [Dayana opens the Page color lib], Dayana login colorlib [Dayana enters 'demo' into Campo para ingresar el usuario, Dayana enters 'demo' into Campo para ingresar la contraseÃ±a, Dayana clicks on BotÃ³n para ingresar]]
[Test worker] WARN net.thucydides.core.steps.BaseStepListener - stepFinished: current outcome:check message when email is invalid:Given that dayana wants to validate the message of the email
| StrUser | StrPassword |
| demo | demo | [Dayana open up [Dayana opens the Page color lib], Dayana login colorlib [Dayana enters 'demo' into Campo para ingresar el usuario, Dayana enters 'demo' into Campo para ingresar la contraseÃ±a, Dayana clicks on BotÃ³n para ingresar]]
[Test worker] WARN net.thucydides.core.steps.BaseStepListener - stepFinished: current outcome:check message when email is invalid:Given that dayana wants to validate the message of the email
| StrUser | StrPassword |
| demo | demo | [Dayana open up [Dayana opens the Page color lib], Dayana login colorlib [Dayana enters 'demo' into Campo para ingresar el usuario, Dayana enters 'demo' into Campo para ingresar la contraseÃ±a, Dayana clicks on BotÃ³n para ingresar]]
[Test worker] WARN net.thucydides.core.steps.BaseStepListener - stepStarted: net.thucydides.core.steps.ExecutedStepDescription@66ebf54b
[Test worker] WARN net.thucydides.core.steps.BaseStepListener - stepStarted: net.thucydides.core.steps.ExecutedStepDescription@6901a6d7
[Test worker] WARN net.thucydides.core.steps.BaseStepListener - stepStarted: net.thucydides.core.steps.ExecutedStepDescription@360bbe26
[Test worker] WARN net.thucydides.core.steps.BaseStepListener - stepFinished: current outcome:check message when email is invalid:Given that dayana wants to validate the message of the email
| StrUser | StrPassword |
| demo | demo | [Dayana open up [Dayana opens the Page color lib], Dayana login colorlib [Dayana enters 'demo' into Campo para ingresar el usuario, Dayana enters 'demo' into Campo para ingresar la contraseÃ±a, Dayana clicks on BotÃ³n para ingresar]], When she saves the form with invalid email
| strRequired | strEmail | strPasswordValidation | strConfirmPassword | strDate | strUrl | strDigitiesOnly | strRango |
| admin1 | dasgcorreo.com | 123456S | 123456S | 12062022 | https://testing.com | 33 | 7 | [Dayana enter forms data [Dayana clicks on Desplegable para ir a los formularios]]
[Test worker] WARN net.thucydides.core.steps.BaseStepListener - stepStarted: net.thucydides.core.steps.ExecutedStepDescription@375f7086
[Test worker] WARN net.thucydides.core.steps.BaseStepListener - stepFinished: current outcome:check message when email is invalid:Given that dayana wants to validate the message of the email
| StrUser | StrPassword |
| demo | demo | [Dayana open up [Dayana opens the Page color lib], Dayana login colorlib [Dayana enters 'demo' into Campo para ingresar el usuario, Dayana enters 'demo' into Campo para ingresar la contraseÃ±a, Dayana clicks on BotÃ³n para ingresar]], When she saves the form with invalid email
| strRequired | strEmail | strPasswordValidation | strConfirmPassword | strDate | strUrl | strDigitiesOnly | strRango |
| admin1 | dasgcorreo.com | 123456S | 123456S | 12062022 | https://testing.com | 33 | 7 | [Dayana enter forms data [Dayana clicks on Desplegable para ir a los formularios, Dayana clicks on Desplegable para ir a los formularios]]
[Test worker] WARN net.thucydides.core.steps.BaseStepListener - stepStarted: net.thucydides.core.steps.ExecutedStepDescription@6eed5e62
[Test worker] WARN net.thucydides.core.steps.BaseStepListener - stepFinished: current outcome:check message when email is invalid:Given that dayana wants to validate the message of the email
| StrUser | StrPassword |
| demo | demo | [Dayana open up [Dayana opens the Page color lib], Dayana login colorlib [Dayana enters 'demo' into Campo para ingresar el usuario, Dayana enters 'demo' into Campo para ingresar la contraseÃ±a, Dayana clicks on BotÃ³n para ingresar]], When she saves the form with invalid email
| strRequired | strEmail | strPasswordValidation | strConfirmPassword | strDate | strUrl | strDigitiesOnly | strRango |
| admin1 | dasgcorreo.com | 123456S | 123456S | 12062022 | https://testing.com | 33 | 7 | [Dayana enter forms data [Dayana clicks on Desplegable para ir a los formularios, Dayana clicks on Desplegable para ir a los formularios, Dayana enters 'admin1' into Campo para ingresar el nombre]]
[Test worker] WARN net.thucydides.core.steps.BaseStepListener - stepStarted: net.thucydides.core.steps.ExecutedStepDescription@3bd73dfd
[Test worker] WARN net.thucydides.core.steps.BaseStepListener - stepFinished: current outcome:check message when email is invalid:Given that dayana wants to validate the message of the email
| StrUser | StrPassword |
| demo | demo | [Dayana open up [Dayana opens the Page color lib], Dayana login colorlib [Dayana enters 'demo' into Campo para ingresar el usuario, Dayana enters 'demo' into Campo para ingresar la contraseÃ±a, Dayana clicks on BotÃ³n para ingresar]], When she saves the form with invalid email
| strRequired | strEmail | strPasswordValidation | strConfirmPassword | strDate | strUrl | strDigitiesOnly | strRango |
| admin1 | dasgcorreo.com | 123456S | 123456S | 12062022 | https://testing.com | 33 | 7 | [Dayana enter forms data [Dayana clicks on Desplegable para ir a los formularios, Dayana clicks on Desplegable para ir a los formularios, Dayana enters 'admin1' into Campo para ingresar el nombre, Dayana enters 'dasgcorreo.com' into Campo para ingresar el email]]
[Test worker] WARN net.thucydides.core.steps.BaseStepListener - stepStarted: net.thucydides.core.steps.ExecutedStepDescription@785da201
[Test worker] WARN net.thucydides.core.steps.BaseStepListener - stepFinished: current outcome:check message when email is invalid:Given that dayana wants to validate the message of the email
| StrUser | StrPassword |
| demo | demo | [Dayana open up [Dayana opens the Page color lib], Dayana login colorlib [Dayana enters 'demo' into Campo para ingresar el usuario, Dayana enters 'demo' into Campo para ingresar la contraseÃ±a, Dayana clicks on BotÃ³n para ingresar]], When she saves the form with invalid email
| strRequired | strEmail | strPasswordValidation | strConfirmPassword | strDate | strUrl | strDigitiesOnly | strRango |
| admin1 | dasgcorreo.com | 123456S | 123456S | 12062022 | https://testing.com | 33 | 7 | [Dayana enter forms data [Dayana clicks on Desplegable para ir a los formularios, Dayana clicks on Desplegable para ir a los formularios, Dayana enters 'admin1' into Campo para ingresar el nombre, Dayana enters 'dasgcorreo.com' into Campo para ingresar el email, Dayana enters '123456S' into Campo para ingresar la clave]]
[Test worker] WARN net.thucydides.core.steps.BaseStepListener - stepStarted: net.thucydides.core.steps.ExecutedStepDescription@428f9367
[Test worker] WARN net.thucydides.core.steps.BaseStepListener - stepFinished: current outcome:check message when email is invalid:Given that dayana wants to validate the message of the email
| StrUser | StrPassword |
| demo | demo | [Dayana open up [Dayana opens the Page color lib], Dayana login colorlib [Dayana enters 'demo' into Campo para ingresar el usuario, Dayana enters 'demo' into Campo para ingresar la contraseÃ±a, Dayana clicks on BotÃ³n para ingresar]], When she saves the form with invalid email
| strRequired | strEmail | strPasswordValidation | strConfirmPassword | strDate | strUrl | strDigitiesOnly | strRango |
| admin1 | dasgcorreo.com | 123456S | 123456S | 12062022 | https://testing.com | 33 | 7 | [Dayana enter forms data [Dayana clicks on Desplegable para ir a los formularios, Dayana clicks on Desplegable para ir a los formularios, Dayana enters 'admin1' into Campo para ingresar el nombre, Dayana enters 'dasgcorreo.com' into Campo para ingresar el email, Dayana enters '123456S' into Campo para ingresar la clave, Dayana enters '123456S' into Campo para confirmar la clave]]
[Test worker] WARN net.thucydides.core.steps.BaseStepListener - stepStarted: net.thucydides.core.steps.ExecutedStepDescription@39839ccd
[Test worker] WARN net.thucydides.core.steps.BaseStepListener - stepFinished: current outcome:check message when email is invalid:Given that dayana wants to validate the message of the email
| StrUser | StrPassword |
| demo | demo | [Dayana open up [Dayana opens the Page color lib], Dayana login colorlib [Dayana enters 'demo' into Campo para ingresar el usuario, Dayana enters 'demo' into Campo para ingresar la contraseÃ±a, Dayana clicks on BotÃ³n para ingresar]], When she saves the form with invalid email
| strRequired | strEmail | strPasswordValidation | strConfirmPassword | strDate | strUrl | strDigitiesOnly | strRango |
| admin1 | dasgcorreo.com | 123456S | 123456S | 12062022 | https://testing.com | 33 | 7 | [Dayana enter forms data [Dayana clicks on Desplegable para ir a los formularios, Dayana clicks on Desplegable para ir a los formularios, Dayana enters 'admin1' into Campo para ingresar el nombre, Dayana enters 'dasgcorreo.com' into Campo para ingresar el email, Dayana enters '123456S' into Campo para ingresar la clave, Dayana enters '123456S' into Campo para confirmar la clave, Dayana enters '12062022' into Campo para ingresar la fecha]]
[Test worker] WARN net.thucydides.core.steps.BaseStepListener - stepStarted: net.thucydides.core.steps.ExecutedStepDescription@4b8e6149
[Test worker] WARN net.thucydides.core.steps.BaseStepListener - stepFinished: current outcome:check message when email is invalid:Given that dayana wants to validate the message of the email
| StrUser | StrPassword |
| demo | demo | [Dayana open up [Dayana opens the Page color lib], Dayana login colorlib [Dayana enters 'demo' into Campo para ingresar el usuario, Dayana enters 'demo' into Campo para ingresar la contraseÃ±a, Dayana clicks on BotÃ³n para ingresar]], When she saves the form with invalid email
| strRequired | strEmail | strPasswordValidation | strConfirmPassword | strDate | strUrl | strDigitiesOnly | strRango |
| admin1 | dasgcorreo.com | 123456S | 123456S | 12062022 | https://testing.com | 33 | 7 | [Dayana enter forms data [Dayana clicks on Desplegable para ir a los formularios, Dayana clicks on Desplegable para ir a los formularios, Dayana enters 'admin1' into Campo para ingresar el nombre, Dayana enters 'dasgcorreo.com' into Campo para ingresar el email, Dayana enters '123456S' into Campo para ingresar la clave, Dayana enters '123456S' into Campo para confirmar la clave, Dayana enters '12062022' into Campo para ingresar la fecha, Dayana enters 'https://testing.com' into Campo para ingresar la Url]]
[Test worker] WARN net.thucydides.core.steps.BaseStepListener - stepStarted: net.thucydides.core.steps.ExecutedStepDescription@6aa71fc1
[Test worker] WARN net.thucydides.core.steps.BaseStepListener - stepFinished: current outcome:check message when email is invalid:Given that dayana wants to validate the message of the email
| StrUser | StrPassword |
| demo | demo | [Dayana open up [Dayana opens the Page color lib], Dayana login colorlib [Dayana enters 'demo' into Campo para ingresar el usuario, Dayana enters 'demo' into Campo para ingresar la contraseÃ±a, Dayana clicks on BotÃ³n para ingresar]], When she saves the form with invalid email
| strRequired | strEmail | strPasswordValidation | strConfirmPassword | strDate | strUrl | strDigitiesOnly | strRango |
| admin1 | dasgcorreo.com | 123456S | 123456S | 12062022 | https://testing.com | 33 | 7 | [Dayana enter forms data [Dayana clicks on Desplegable para ir a los formularios, Dayana clicks on Desplegable para ir a los formularios, Dayana enters 'admin1' into Campo para ingresar el nombre, Dayana enters 'dasgcorreo.com' into Campo para ingresar el email, Dayana enters '123456S' into Campo para ingresar la clave, Dayana enters '123456S' into Campo para confirmar la clave, Dayana enters '12062022' into Campo para ingresar la fecha, Dayana enters 'https://testing.com' into Campo para ingresar la Url, Dayana enters '33' into Campo para ingresar los digitos]]
[Test worker] WARN net.thucydides.core.steps.BaseStepListener - stepStarted: net.thucydides.core.steps.ExecutedStepDescription@69e7f3c4
[Test worker] WARN net.thucydides.core.steps.BaseStepListener - stepFinished: current outcome:check message when email is invalid:Given that dayana wants to validate the message of the email
| StrUser | StrPassword |
| demo | demo | [Dayana open up [Dayana opens the Page color lib], Dayana login colorlib [Dayana enters 'demo' into Campo para ingresar el usuario, Dayana enters 'demo' into Campo para ingresar la contraseÃ±a, Dayana clicks on BotÃ³n para ingresar]], When she saves the form with invalid email
| strRequired | strEmail | strPasswordValidation | strConfirmPassword | strDate | strUrl | strDigitiesOnly | strRango |
| admin1 | dasgcorreo.com | 123456S | 123456S | 12062022 | https://testing.com | 33 | 7 | [Dayana enter forms data [Dayana clicks on Desplegable para ir a los formularios, Dayana clicks on Desplegable para ir a los formularios, Dayana enters 'admin1' into Campo para ingresar el nombre, Dayana enters 'dasgcorreo.com' into Campo para ingresar el email, Dayana enters '123456S' into Campo para ingresar la clave, Dayana enters '123456S' into Campo para confirmar la clave, Dayana enters '12062022' into Campo para ingresar la fecha, Dayana enters 'https://testing.com' into Campo para ingresar la Url, Dayana enters '33' into Campo para ingresar los digitos, Dayana enters '7' into Campo para ingresar el rango]]
[Test worker] WARN net.thucydides.core.steps.BaseStepListener - stepStarted: net.thucydides.core.steps.ExecutedStepDescription@7c410842
[Test worker] WARN net.thucydides.core.steps.BaseStepListener - stepFinished: current outcome:check message when email is invalid:Given that dayana wants to validate the message of the email
| StrUser | StrPassword |
| demo | demo | [Dayana open up [Dayana opens the Page color lib], Dayana login colorlib [Dayana enters 'demo' into Campo para ingresar el usuario, Dayana enters 'demo' into Campo para ingresar la contraseÃ±a, Dayana clicks on BotÃ³n para ingresar]], When she saves the form with invalid email
| strRequired | strEmail | strPasswordValidation | strConfirmPassword | strDate | strUrl | strDigitiesOnly | strRango |
| admin1 | dasgcorreo.com | 123456S | 123456S | 12062022 | https://testing.com | 33 | 7 | [Dayana enter forms data [Dayana clicks on Desplegable para ir a los formularios, Dayana clicks on Desplegable para ir a los formularios, Dayana enters 'admin1' into Campo para ingresar el nombre, Dayana enters 'dasgcorreo.com' into Campo para ingresar el email, Dayana enters '123456S' into Campo para ingresar la clave, Dayana enters '123456S' into Campo para confirmar la clave, Dayana enters '12062022' into Campo para ingresar la fecha, Dayana enters 'https://testing.com' into Campo para ingresar la Url, Dayana enters '33' into Campo para ingresar los digitos, Dayana enters '7' into Campo para ingresar el rango, Dayana clicks on Marcamos para aceptar las politicas]]
[Test worker] WARN net.thucydides.core.steps.BaseStepListener - stepStarted: net.thucydides.core.steps.ExecutedStepDescription@7abaee0c
[Test worker] WARN net.thucydides.core.steps.BaseStepListener - stepFinished: current outcome:check message when email is invalid:Given that dayana wants to validate the message of the email
| StrUser | StrPassword |
| demo | demo | [Dayana open up [Dayana opens the Page color lib], Dayana login colorlib [Dayana enters 'demo' into Campo para ingresar el usuario, Dayana enters 'demo' into Campo para ingresar la contraseÃ±a, Dayana clicks on BotÃ³n para ingresar]], When she saves the form with invalid email
| strRequired | strEmail | strPasswordValidation | strConfirmPassword | strDate | strUrl | strDigitiesOnly | strRango |
| admin1 | dasgcorreo.com | 123456S | 123456S | 12062022 | https://testing.com | 33 | 7 | [Dayana enter forms data [Dayana clicks on Desplegable para ir a los formularios, Dayana clicks on Desplegable para ir a los formularios, Dayana enters 'admin1' into Campo para ingresar el nombre, Dayana enters 'dasgcorreo.com' into Campo para ingresar el email, Dayana enters '123456S' into Campo para ingresar la clave, Dayana enters '123456S' into Campo para confirmar la clave, Dayana enters '12062022' into Campo para ingresar la fecha, Dayana enters 'https://testing.com' into Campo para ingresar la Url, Dayana enters '33' into Campo para ingresar los digitos, Dayana enters '7' into Campo para ingresar el rango, Dayana clicks on Marcamos para aceptar las politicas, Dayana clicks on BotÃ³n para validar]]
[Test worker] WARN net.thucydides.core.steps.BaseStepListener - stepFinished: current outcome:check message when email is invalid:Given that dayana wants to validate the message of the email
| StrUser | StrPassword |
| demo | demo | [Dayana open up [Dayana opens the Page color lib], Dayana login colorlib [Dayana enters 'demo' into Campo para ingresar el usuario, Dayana enters 'demo' into Campo para ingresar la contraseÃ±a, Dayana clicks on BotÃ³n para ingresar]], When she saves the form with invalid email
| strRequired | strEmail | strPasswordValidation | strConfirmPassword | strDate | strUrl | strDigitiesOnly | strRango |
| admin1 | dasgcorreo.com | 123456S | 123456S | 12062022 | https://testing.com | 33 | 7 | [Dayana enter forms data [Dayana clicks on Desplegable para ir a los formularios, Dayana clicks on Desplegable para ir a los formularios, Dayana enters 'admin1' into Campo para ingresar el nombre, Dayana enters 'dasgcorreo.com' into Campo para ingresar el email, Dayana enters '123456S' into Campo para ingresar la clave, Dayana enters '123456S' into Campo para confirmar la clave, Dayana enters '12062022' into Campo para ingresar la fecha, Dayana enters 'https://testing.com' into Campo para ingresar la Url, Dayana enters '33' into Campo para ingresar los digitos, Dayana enters '7' into Campo para ingresar el rango, Dayana clicks on Marcamos para aceptar las politicas, Dayana clicks on BotÃ³n para validar]]
[Test worker] WARN net.thucydides.core.steps.BaseStepListener - stepFinished: current outcome:check message when email is invalid:Given that dayana wants to validate the message of the email
| StrUser | StrPassword |
| demo | demo | [Dayana open up [Dayana opens the Page color lib], Dayana login colorlib [Dayana enters 'demo' into Campo para ingresar el usuario, Dayana enters 'demo' into Campo para ingresar la contraseÃ±a, Dayana clicks on BotÃ³n para ingresar]], When she saves the form with invalid email
| strRequired | strEmail | strPasswordValidation | strConfirmPassword | strDate | strUrl | strDigitiesOnly | strRango |
| admin1 | dasgcorreo.com | 123456S | 123456S | 12062022 | https://testing.com | 33 | 7 | [Dayana enter forms data [Dayana clicks on Desplegable para ir a los formularios, Dayana clicks on Desplegable para ir a los formularios, Dayana enters 'admin1' into Campo para ingresar el nombre, Dayana enters 'dasgcorreo.com' into Campo para ingresar el email, Dayana enters '123456S' into Campo para ingresar la clave, Dayana enters '123456S' into Campo para confirmar la clave, Dayana enters '12062022' into Campo para ingresar la fecha, Dayana enters 'https://testing.com' into Campo para ingresar la Url, Dayana enters '33' into Campo para ingresar los digitos, Dayana enters '7' into Campo para ingresar el rango, Dayana clicks on Marcamos para aceptar las politicas, Dayana clicks on BotÃ³n para validar]]
[Test worker] WARN net.thucydides.core.steps.BaseStepListener - stepStarted: net.thucydides.core.steps.ExecutedStepDescription@2a677302
[Test worker] WARN net.thucydides.core.steps.BaseStepListener - stepStarted: net.thucydides.core.steps.ExecutedStepDescription@2f17a0a8
[Test worker] WARN net.thucydides.core.steps.BaseStepListener - stepFinished: current outcome:check message when email is invalid:Given that dayana wants to validate the message of the email
| StrUser | StrPassword |
| demo | demo | [Dayana open up [Dayana opens the Page color lib], Dayana login colorlib [Dayana enters 'demo' into Campo para ingresar el usuario, Dayana enters 'demo' into Campo para ingresar la contraseÃ±a, Dayana clicks on BotÃ³n para ingresar]], When she saves the form with invalid email
| strRequired | strEmail | strPasswordValidation | strConfirmPassword | strDate | strUrl | strDigitiesOnly | strRango |
| admin1 | dasgcorreo.com | 123456S | 123456S | 12062022 | https://testing.com | 33 | 7 | [Dayana enter forms data [Dayana clicks on Desplegable para ir a los formularios, Dayana clicks on Desplegable para ir a los formularios, Dayana enters 'admin1' into Campo para ingresar el nombre, Dayana enters 'dasgcorreo.com' into Campo para ingresar el email, Dayana enters '123456S' into Campo para ingresar la clave, Dayana enters '123456S' into Campo para confirmar la clave, Dayana enters '12062022' into Campo para ingresar la fecha, Dayana enters 'https://testing.com' into Campo para ingresar la Url, Dayana enters '33' into Campo para ingresar los digitos, Dayana enters '7' into Campo para ingresar el rango, Dayana clicks on Marcamos para aceptar las politicas, Dayana clicks on BotÃ³n para validar]], Then check the message of the email
| strInvalidEmail |
| Please enter a valid email address. | [Then email]
[Test worker] WARN net.thucydides.core.steps.BaseStepListener - stepFinished: current outcome:check message when email is invalid:Given that dayana wants to validate the message of the email
| StrUser | StrPassword |
| demo | demo | [Dayana open up [Dayana opens the Page color lib], Dayana login colorlib [Dayana enters 'demo' into Campo para ingresar el usuario, Dayana enters 'demo' into Campo para ingresar la contraseÃ±a, Dayana clicks on BotÃ³n para ingresar]], When she saves the form with invalid email
| strRequired | strEmail | strPasswordValidation | strConfirmPassword | strDate | strUrl | strDigitiesOnly | strRango |
| admin1 | dasgcorreo.com | 123456S | 123456S | 12062022 | https://testing.com | 33 | 7 | [Dayana enter forms data [Dayana clicks on Desplegable para ir a los formularios, Dayana clicks on Desplegable para ir a los formularios, Dayana enters 'admin1' into Campo para ingresar el nombre, Dayana enters 'dasgcorreo.com' into Campo para ingresar el email, Dayana enters '123456S' into Campo para ingresar la clave, Dayana enters '123456S' into Campo para confirmar la clave, Dayana enters '12062022' into Campo para ingresar la fecha, Dayana enters 'https://testing.com' into Campo para ingresar la Url, Dayana enters '33' into Campo para ingresar los digitos, Dayana enters '7' into Campo para ingresar el rango, Dayana clicks on Marcamos para aceptar las politicas, Dayana clicks on BotÃ³n para validar]], Then check the message of the email
| strInvalidEmail |
| Please enter a valid email address. | [Then email]
[Test worker] WARN net.thucydides.core.steps.BaseStepListener - testFinished: check message when email is invalid:Given that dayana wants to validate the message of the email
| StrUser | StrPassword |
| demo | demo | [Dayana open up [Dayana opens the Page color lib], Dayana login colorlib [Dayana enters 'demo' into Campo para ingresar el usuario, Dayana enters 'demo' into Campo para ingresar la contraseÃ±a, Dayana clicks on BotÃ³n para ingresar]], When she saves the form with invalid email
| strRequired | strEmail | strPasswordValidation | strConfirmPassword | strDate | strUrl | strDigitiesOnly | strRango |
| admin1 | dasgcorreo.com | 123456S | 123456S | 12062022 | https://testing.com | 33 | 7 | [Dayana enter forms data [Dayana clicks on Desplegable para ir a los formularios, Dayana clicks on Desplegable para ir a los formularios, Dayana enters 'admin1' into Campo para ingresar el nombre, Dayana enters 'dasgcorreo.com' into Campo para ingresar el email, Dayana enters '123456S' into Campo para ingresar la clave, Dayana enters '123456S' into Campo para confirmar la clave, Dayana enters '12062022' into Campo para ingresar la fecha, Dayana enters 'https://testing.com' into Campo para ingresar la Url, Dayana enters '33' into Campo para ingresar los digitos, Dayana enters '7' into Campo para ingresar el rango, Dayana clicks on Marcamos para aceptar las politicas, Dayana clicks on BotÃ³n para validar]], Then check the message of the email
| strInvalidEmail |
| Please enter a valid email address. | [Then email]
[Test worker] WARN net.thucydides.core.steps.BaseStepListener - TestOutcomes: [verification successful:Given than dayana is registered she wants to verify completion
| StrUser | StrPassword |
| demo | demo | [Dayana open up [Dayana opens the Page color lib], Dayana login colorlib [Dayana enters 'demo' into Campo para ingresar el usuario, Dayana enters 'demo' into Campo para ingresar la contraseÃ±a, Dayana clicks on BotÃ³n para ingresar]], When she enters all the required information
| strRequired | strEmail | strPasswordValidation | strConfirmPassword | strDate | strUrl | strDigitiesOnly | strRango |
| admin1 | dasg@correo.com | 123456S | 123456S | 12062022 | https://testing.com | 33 | 7 | [Dayana enter forms data [Dayana clicks on Desplegable para ir a los formularios, Dayana clicks on Desplegable para ir a los formularios, Dayana enters 'admin1' into Campo para ingresar el nombre, Dayana enters 'dasg@correo.com' into Campo para ingresar el email, Dayana enters '123456S' into Campo para ingresar la clave, Dayana enters '123456S' into Campo para confirmar la clave, Dayana enters '12062022' into Campo para ingresar la fecha, Dayana enters 'https://testing.com' into Campo para ingresar la Url, Dayana enters '33' into Campo para ingresar los digitos, Dayana enters '7' into Campo para ingresar el rango, Dayana clicks on Marcamos para aceptar las politicas, Dayana clicks on BotÃ³n para validar]], Then verification is successful
| strTextoFinal |
|  | [Then anwers], check message when fields are empty:Given that dayana wants to validate the message
| StrUser | StrPassword |
| demo | demo | [Dayana open up [Dayana opens the Page color lib], Dayana login colorlib [Dayana enters 'demo' into Campo para ingresar el usuario, Dayana enters 'demo' into Campo para ingresar la contraseÃ±a, Dayana clicks on BotÃ³n para ingresar]], When she saves the form with empty fields [Dayana form empty [Dayana clicks on Desplegable para ir a los formularios, Dayana clicks on Desplegable para ir a los formularios, Dayana clicks on BotÃ³n para validar]], Then check the message
| strMessageRequired |
| This field is required. | [Then empty anwers], check message when email is invalid:Given that dayana wants to validate the message of the email
| StrUser | StrPassword |
| demo | demo | [Dayana open up [Dayana opens the Page color lib], Dayana login colorlib [Dayana enters 'demo' into Campo para ingresar el usuario, Dayana enters 'demo' into Campo para ingresar la contraseÃ±a, Dayana clicks on BotÃ³n para ingresar]], When she saves the form with invalid email
| strRequired | strEmail | strPasswordValidation | strConfirmPassword | strDate | strUrl | strDigitiesOnly | strRango |
| admin1 | dasgcorreo.com | 123456S | 123456S | 12062022 | https://testing.com | 33 | 7 | [Dayana enter forms data [Dayana clicks on Desplegable para ir a los formularios, Dayana clicks on Desplegable para ir a los formularios, Dayana enters 'admin1' into Campo para ingresar el nombre, Dayana enters 'dasgcorreo.com' into Campo para ingresar el email, Dayana enters '123456S' into Campo para ingresar la clave, Dayana enters '123456S' into Campo para confirmar la clave, Dayana enters '12062022' into Campo para ingresar la fecha, Dayana enters 'https://testing.com' into Campo para ingresar la Url, Dayana enters '33' into Campo para ingresar los digitos, Dayana enters '7' into Campo para ingresar el rango, Dayana clicks on Marcamos para aceptar las politicas, Dayana clicks on BotÃ³n para validar]], Then check the message of the email
| strInvalidEmail |
[...]
| strInvalidRange |
| Please enter a value between 5 and 16. | [Then range]
[Test worker] WARN net.thucydides.core.steps.BaseStepListener - TestOutcomes: [verification successful:Given than dayana is registered she wants to verify completion
| StrUser | StrPassword |
| demo | demo | [Dayana open up [Dayana opens the Page color lib], Dayana login colorlib [Dayana enters 'demo' into Campo para ingresar el usuario, Dayana enters 'demo' into Campo para ingresar la contraseÃ±a, Dayana clicks on BotÃ³n para ingresar]], When she enters all the required information
| strRequired | strEmail | strPasswordValidation | strConfirmPassword | strDate | strUrl | strDigitiesOnly | strRango |
| admin1 | dasg@correo.com | 123456S | 123456S | 12062022 | https://testing.com | 33 | 7 | [Dayana enter forms data [Dayana clicks on Desplegable para ir a los formularios, Dayana clicks on Desplegable para ir a los formularios, Dayana enters 'admin1' into Campo para ingresar el nombre, Dayana enters 'dasg@correo.com' into Campo para ingresar el email, Dayana enters '123456S' into Campo para ingresar la clave, Dayana enters '123456S' into Campo para confirmar la clave, Dayana enters '12062022' into Campo para ingresar la fecha, Dayana enters 'https://testing.com' into Campo para ingresar la Url, Dayana enters '33' into Campo para ingresar los digitos, Dayana enters '7' into Campo para ingresar el rango, Dayana clicks on Marcamos para aceptar las politicas, Dayana clicks on BotÃ³n para validar]], Then verification is successful
| strTextoFinal |
|  | [Then anwers], check message when fields are empty:Given that dayana wants to validate the message
| StrUser | StrPassword |
| demo | demo | [Dayana open up [Dayana opens the Page color lib], Dayana login colorlib [Dayana enters 'demo' into Campo para ingresar el usuario, Dayana enters 'demo' into Campo para ingresar la contraseÃ±a, Dayana clicks on BotÃ³n para ingresar]], When she saves the form with empty fields [Dayana form empty [Dayana clicks on Desplegable para ir a los formularios, Dayana clicks on Desplegable para ir a los formularios, Dayana clicks on BotÃ³n para validar]], Then check the message
| strMessageRequired |
| This field is required. | [Then empty anwers], check message when email is invalid:Given that dayana wants to validate the message of the email
| StrUser | StrPassword |
| demo | demo | [Dayana open up [Dayana opens the Page color lib], Dayana login colorlib [Dayana enters 'demo' into Campo para ingresar el usuario, Dayana enters 'demo' into Campo para ingresar la contraseÃ±a, Dayana clicks on BotÃ³n para ingresar]], When she saves the form with invalid email
| strRequired | strEmail | strPasswordValidation | strConfirmPassword | strDate | strUrl | strDigitiesOnly | strRango |
| admin1 | dasgcorreo.com | 123456S | 123456S | 12062022 | https://testing.com | 33 | 7 | [Dayana enter forms data [Dayana clicks on Desplegable para ir a los formularios, Dayana clicks on Desplegable para ir a los formularios, Dayana enters 'admin1' into Campo para ingresar el nombre, Dayana enters 'dasgcorreo.com' into Campo para ingresar el email, Dayana enters '123456S' into Campo para ingresar la clave, Dayana enters '123456S' into Campo para confirmar la clave, Dayana enters '12062022' into Campo para ingresar la fecha, Dayana enters 'https://testing.com' into Campo para ingresar la Url, Dayana enters '33' into Campo para ingresar los digitos, Dayana enters '7' into Campo para ingresar el rango, Dayana clicks on Marcamos para aceptar las politicas, Dayana clicks on BotÃ³n para validar]], Then check the message of the email
| strInvalidEmail |
| Please enter a valid email address. | [Then email], check message when password is invalid:Given that dayana wants to validate the message of the password
| StrUser | StrPassword |
| demo | demo | [Dayana open up [Dayana opens the Page color lib], Dayana login colorlib [Dayana enters 'demo' into Campo para ingresar el usuario, Dayana enters 'demo' into Campo para ingresar la contraseÃ±a, Dayana clicks on BotÃ³n para ingresar]], When she saves the form with invalid password
| strRequired | strEmail | strPasswordValidation | strConfirmPassword | strDate | strUrl | strDigitiesOnly | strRango |
| admin1 | dasg@correo.com | 123S | 1234 | 12062022 | https://testing.com | 33 | 7 | [Dayana enter forms data [Dayana clicks on Desplegable para ir a los formularios, Dayana clicks on Desplegable para ir a los formularios, Dayana enters 'admin1' into Campo para ingresar el nombre, Dayana enters 'dasg@correo.com' into Campo para ingresar el email, Dayana enters '123S' into Campo para ingresar la clave, Dayana enters '1234' into Campo para confirmar la clave, Dayana enters '12062022' into Campo para ingresar la fecha, Dayana enters 'https://testing.com' into Campo para ingresar la Url, Dayana enters '33' into Campo para ingresar los digitos, Dayana enters '7' into Campo para ingresar el rango, Dayana clicks on Marcamos para aceptar las politicas, Dayana clicks on BotÃ³n para validar]], Then check the message of the password
| strInvalidPassword |
| Please enter at least 5 characters. | [Then password], check message when url is invalid:Given that dayana wants to validate the message of the url
| StrUser | StrPassword |
| demo | demo | [Dayana open up [Dayana opens the Page color lib], Dayana login colorlib [Dayana enters 'demo' into Campo para ingresar el usuario, Dayana enters 'demo' into Campo para ingresar la contraseÃ±a, Dayana clicks on BotÃ³n para ingresar]], When she saves the form with invalid url
| strRequired | strEmail | strPasswordValidation | strConfirmPassword | strDate | strUrl | strDigitiesOnly | strRango |
| admin1 | dasg@correo.com | 12355 | 12355 | 12062022 | testing.com | 33 | 7 | [Dayana enter forms data [Dayana clicks on Desplegable para ir a los formularios, Dayana clicks on Desplegable para ir a los formularios, Dayana enters 'admin1' into Campo para ingresar el nombre, Dayana enters 'dasg@correo.com' into Campo para ingresar el email, Dayana enters '12355' into Campo para ingresar la clave, Dayana enters '12355' into Campo para confirmar la clave, Dayana enters '12062022' into Campo para ingresar la fecha, Dayana enters 'testing.com' into Campo para ingresar la Url, Dayana enters '33' into Campo para ingresar los digitos, Dayana enters '7' into Campo para ingresar el rango, Dayana clicks on Marcamos para aceptar las politicas, Dayana clicks on BotÃ³n para validar]], Then check the message of the invalid url
| srtInvalidUrls |
| Please enter a valid URL. | [Then url], check message when enter invalid digits:Given that dayana wants to validate the message of the digits
| StrUser | StrPassword |
| demo | demo | [Dayana open up [Dayana opens the Page color lib], Dayana login colorlib [Dayana enters 'demo' into Campo para ingresar el usuario, Dayana enters 'demo' into Campo para ingresar la contraseÃ±a, Dayana clicks on BotÃ³n para ingresar]], When she saves the form with invalid digits
| strRequired | strEmail | strPasswordValidation | strConfirmPassword | strDate | strUrl | strDigitiesOnly | strRango |
| admin1 | dasg@correo.com | 123456S | 123456S | 12062022 | https://testing.com | gggg | 7 | [Dayana enter forms data [Dayana clicks on Desplegable para ir a los formularios, Dayana clicks on Desplegable para ir a los formularios, Dayana enters 'admin1' into Campo para ingresar el nombre, Dayana enters 'dasg@correo.com' into Campo para ingresar el email, Dayana enters '123456S' into Campo para ingresar la clave, Dayana enters '123456S' into Campo para confirmar la clave, Dayana enters '12062022' into Campo para ingresar la fecha, Dayana enters 'https://testing.com' into Campo para ingresar la Url, Dayana enters 'gggg' into Campo para ingresar los digitos, Dayana enters '7' into Campo para ingresar el rango, Dayana clicks on Marcamos para aceptar las politicas, Dayana clicks on BotÃ³n para validar]], Then check the message of the invalid digits
| strInvalidDigits |
| Please enter only digits. | [Then digits], check message when range is invalid:Given that dayana wants to validate the message of the range
| StrUser | StrPassword |
| demo | demo | [Dayana open up [Dayana opens the Page color lib], Dayana login colorlib [Dayana enters 'demo' into Campo para ingresar el usuario, Dayana enters 'demo' into Campo para ingresar la contraseÃ±a, Dayana clicks on BotÃ³n para ingresar]], When she saves the form with invalid range
| strRequired | strEmail | strPasswordValidation | strConfirmPassword | strDate | strUrl | strDigitiesOnly | strRango |
| admin1 | dasg@correo.com | 123456S | 123456S | 12062022 | https://testing.com | 33 | 20 | [Dayana enter forms data [Dayana clicks on Desplegable para ir a los formularios, Dayana clicks on Desplegable para ir a los formularios, Dayana enters 'admin1' into Campo para ingresar el nombre, Dayana enters 'dasg@correo.com' into Campo para ingresar el email, Dayana enters '123456S' into Campo para ingresar la clave, Dayana enters '123456S' into Campo para confirmar la clave, Dayana enters '12062022' into Campo para ingresar la fecha, Dayana enters 'https://testing.com' into Campo para ingresar la Url, Dayana enters '33' into Campo para ingresar los digitos, Dayana enters '20' into Campo para ingresar el rango, Dayana clicks on Marcamos para aceptar las politicas, Dayana clicks on BotÃ³n para validar]], Then check the message of the invalid range
| strInvalidRange |
| Please enter a value between 5 and 16. | [Then range]]
[Test worker] WARN net.thucydides.core.steps.BaseStepListener - Final testOutcomes: [verification successful:Given than dayana is registered she wants to verify completion
| StrUser | StrPassword |
| demo | demo | [Dayana open up [Dayana opens the Page color lib], Dayana login colorlib [Dayana enters 'demo' into Campo para ingresar el usuario, Dayana enters 'demo' into Campo para ingresar la contraseÃ±a, Dayana clicks on BotÃ³n para ingresar]], When she enters all the required information
| strRequired | strEmail | strPasswordValidation | strConfirmPassword | strDate | strUrl | strDigitiesOnly | strRango |
| admin1 | dasg@correo.com | 123456S | 123456S | 12062022 | https://testing.com | 33 | 7 | [Dayana enter forms data [Dayana clicks on Desplegable para ir a los formularios, Dayana clicks on Desplegable para ir a los formularios, Dayana enters 'admin1' into Campo para ingresar el nombre, Dayana enters 'dasg@correo.com' into Campo para ingresar el email, Dayana enters '123456S' into Campo para ingresar la clave, Dayana enters '123456S' into Campo para confirmar la clave, Dayana enters '12062022' into Campo para ingresar la fecha, Dayana enters 'https://testing.com' into Campo para ingresar la Url, Dayana enters '33' into Campo para ingresar los digitos, Dayana enters '7' into Campo para ingresar el rango, Dayana clicks on Marcamos para aceptar las politicas, Dayana clicks on BotÃ³n para validar]], Then verification is successful
| strTextoFinal |
|  | [Then anwers], check message when fields are empty:Given that dayana wants to validate the message
| StrUser | StrPassword |
| demo | demo | [Dayana open up [Dayana opens the Page color lib], Dayana login colorlib [Dayana enters 'demo' into Campo para ingresar el usuario, Dayana enters 'demo' into Campo para ingresar la contraseÃ±a, Dayana clicks on BotÃ³n para ingresar]], When she saves the form with empty fields [Dayana form empty [Dayana clicks on Desplegable para ir a los formularios, Dayana clicks on Desplegable para ir a los formularios, Dayana clicks on BotÃ³n para validar]], Then check the message
| strMessageRequired |
| This field is required. | [Then empty anwers], check message when email is invalid:Given that dayana wants to validate the message of the email
| StrUser | StrPassword |
| demo | demo | [Dayana open up [Dayana opens the Page color lib], Dayana login colorlib [Dayana enters 'demo' into Campo para ingresar el usuario, Dayana enters 'demo' into Campo para ingresar la contraseÃ±a, Dayana clicks on BotÃ³n para ingresar]], When she saves the form with invalid email
| strRequired | strEmail | strPasswordValidation | strConfirmPassword | strDate | strUrl | strDigitiesOnly | strRango |
| admin1 | dasgcorreo.com | 123456S | 123456S | 12062022 | https://testing.com | 33 | 7 | [Dayana enter forms data [Dayana clicks on Desplegable para ir a los formularios, Dayana clicks on Desplegable para ir a los formularios, Dayana enters 'admin1' into Campo para ingresar el nombre, Dayana enters 'dasgcorreo.com' into Campo para ingresar el email, Dayana enters '123456S' into Campo para ingresar la clave, Dayana enters '123456S' into Campo para confirmar la clave, Dayana enters '12062022' into Campo para ingresar la fecha, Dayana enters 'https://testing.com' into Campo para ingresar la Url, Dayana enters '33' into Campo para ingresar los digitos, Dayana enters '7' into Campo para ingresar el rango, Dayana clicks on Marcamos para aceptar las politicas, Dayana clicks on BotÃ³n para validar]], Then check the message of the email
| strInvalidEmail |
| Please enter a valid email address. | [Then email], check message when password is invalid:Given that dayana wants to validate the message of the password
| StrUser | StrPassword |
| demo | demo | [Dayana open up [Dayana opens the Page color lib], Dayana login colorlib [Dayana enters 'demo' into Campo para ingresar el usuario, Dayana enters 'demo' into Campo para ingresar la contraseÃ±a, Dayana clicks on BotÃ³n para ingresar]], When she saves the form with invalid password
| strRequired | strEmail | strPasswordValidation | strConfirmPassword | strDate | strUrl | strDigitiesOnly | strRango |
| admin1 | dasg@correo.com | 123S | 1234 | 12062022 | https://testing.com | 33 | 7 | [Dayana enter forms data [Dayana clicks on Desplegable para ir a los formularios, Dayana clicks on Desplegable para ir a los formularios, Dayana enters 'admin1' into Campo para ingresar el nombre, Dayana enters 'dasg@correo.com' into Campo para ingresar el email, Dayana enters '123S' into Campo para ingresar la clave, Dayana enters '1234' into Campo para confirmar la clave, Dayana enters '12062022' into Campo para ingresar la fecha, Dayana enters 'https://testing.com' into Campo para ingresar la Url, Dayana enters '33' into Campo para ingresar los digitos, Dayana enters '7' into Campo para ingresar el rango, Dayana clicks on Marcamos para aceptar las politicas, Dayana clicks on BotÃ³n para validar]], Then check the message of the password
| strInvalidPassword |
| Please enter at least 5 characters. | [Then password], check message when url is invalid:Given that dayana wants to validate the message of the url
| StrUser | StrPassword |
| demo | demo | [Dayana open up [Dayana opens the Page color lib], Dayana login colorlib [Dayana enters 'demo' into Campo para ingresar el usuario, Dayana enters 'demo' into Campo para ingresar la contraseÃ±a, Dayana clicks on BotÃ³n para ingresar]], When she saves the form with invalid url
| strRequired | strEmail | strPasswordValidation | strConfirmPassword | strDate | strUrl | strDigitiesOnly | strRango |
| admin1 | dasg@correo.com | 12355 | 12355 | 12062022 | testing.com | 33 | 7 | [Dayana enter forms data [Dayana clicks on Desplegable para ir a los formularios, Dayana clicks on Desplegable para ir a los formularios, Dayana enters 'admin1' into Campo para ingresar el nombre, Dayana enters 'dasg@correo.com' into Campo para ingresar el email, Dayana enters '12355' into Campo para ingresar la clave, Dayana enters '12355' into Campo para confirmar la clave, Dayana enters '12062022' into Campo para ingresar la fecha, Dayana enters 'testing.com' into Campo para ingresar la Url, Dayana enters '33' into Campo para ingresar los digitos, Dayana enters '7' into Campo para ingresar el rango, Dayana clicks on Marcamos para aceptar las politicas, Dayana clicks on BotÃ³n para validar]], Then check the message of the invalid url
| srtInvalidUrls |
| Please enter a valid URL. | [Then url], check message when enter invalid digits:Given that dayana wants to validate the message of the digits
| StrUser | StrPassword |
| demo | demo | [Dayana open up [Dayana opens the Page color lib], Dayana login colorlib [Dayana enters 'demo' into Campo para ingresar el usuario, Dayana enters 'demo' into Campo para ingresar la contraseÃ±a, Dayana clicks on BotÃ³n para ingresar]], When she saves the form with invalid digits
| strRequired | strEmail | strPasswordValidation | strConfirmPassword | strDate | strUrl | strDigitiesOnly | strRango |
| admin1 | dasg@correo.com | 123456S | 123456S | 12062022 | https://testing.com | gggg | 7 | [Dayana enter forms data [Dayana clicks on Desplegable para ir a los formularios, Dayana clicks on Desplegable para ir a los formularios, Dayana enters 'admin1' into Campo para ingresar el nombre, Dayana enters 'dasg@correo.com' into Campo para ingresar el email, Dayana enters '123456S' into Campo para ingresar la clave, Dayana enters '123456S' into Campo para confirmar la clave, Dayana enters '12062022' into Campo para ingresar la fecha, Dayana enters 'https://testing.com' into Campo para ingresar la Url, Dayana enters 'gggg' into Campo para ingresar los digitos, Dayana enters '7' into Campo para ingresar el rango, Dayana clicks on Marcamos para aceptar las politicas, Dayana clicks on BotÃ³n para validar]], Then check the message of the invalid digits
| strInvalidDigits |
| Please enter only digits. | [Then digits], check message when range is invalid:Given that dayana wants to validate the message of the range
| StrUser | StrPassword |
| demo | demo | [Dayana open up [Dayana opens the Page color lib], Dayana login colorlib [Dayana enters 'demo' into Campo para ingresar el usuario, Dayana enters 'demo' into Campo para ingresar la contraseÃ±a, Dayana clicks on BotÃ³n para ingresar]], When she saves the form with invalid range
| strRequired | strEmail | strPasswordValidation | strConfirmPassword | strDate | strUrl | strDigitiesOnly | strRango |
| admin1 | dasg@correo.com | 123456S | 123456S | 12062022 | https://testing.com | 33 | 20 | [Dayana enter forms data [Dayana clicks on Desplegable para ir a los formularios, Dayana clicks on Desplegable para ir a los formularios, Dayana enters 'admin1' into Campo para ingresar el nombre, Dayana enters 'dasg@correo.com' into Campo para ingresar el email, Dayana enters '123456S' into Campo para ingresar la clave, Dayana enters '123456S' into Campo para confirmar la clave, Dayana enters '12062022' into Campo para ingresar la fecha, Dayana enters 'https://testing.com' into Campo para ingresar la Url, Dayana enters '33' into Campo para ingresar los digitos, Dayana enters '20' into Campo para ingresar el rango, Dayana clicks on Marcamos para aceptar las politicas, Dayana clicks on BotÃ³n para validar]], Then check the message of the invalid range
| strInvalidRange |
| Please enter a value between 5 and 16. | [Then range]]
[Test worker] INFO net.thucydides.core.steps.ConsoleLoggingListener - 
        __    _____ _____ ____ _____   ____   _    ____  ____  _____ ____  
  _     \ \  |_   _| ____/ ___|_   _| |  _ \ / \  / ___|/ ___|| ____|  _ \ 
 (_)_____| |   | | |  _| \___ \ | |   | |_) / _ \ \___ \\___ \|  _| | | | |
  _|_____| |   | | | |___ ___) || |   |  __/ ___ \ ___) |___) | |___| |_| |
 (_)     | |   |_| |_____|____/ |_|   |_| /_/   \_\____/|____/|_____|____/ 
        /_/                                                                

TEST PASSED: check message when range is invalid
----------------------------------------------------------------------------
]]></system-err>
</testsuite>
