<?xml version="1.0" encoding="UTF-8"?><testsuite errors="0" failures="0" name="verification successful" skipped="0" tests="7" time="358.96" timestamp="2022-02-19 11:03:29"><testcase name="verification successful"/><testcase name="check message when fields are empty"/><testcase name="check message when email is invalid"/><testcase name="check message when password is invalid"/><testcase name="check message when url is invalid"/><testcase name="check message when enter invalid digits"/><testcase name="check message when range is invalid"/></testsuite>